sample.interval=20000
"is.na" "all.equal.numeric" "all.equal" "isSymmetric.matrix" "isSymmetric" "mvtnorm::rmvnorm" ".jetbrains_runFunction" "knit_print.default" "withCallingHandlers" "<Anonymous>" ".Call" "doTryCatch" "tryCatchOne" "tryCatchList" "doTryCatch" "tryCatchOne" "tryCatchList" "tryCatch" 
"all.equal.numeric" "all.equal" "isSymmetric.matrix" "isSymmetric" "mvtnorm::rmvnorm" ".jetbrains_runFunction" "knit_print.default" "withCallingHandlers" "<Anonymous>" ".Call" "doTryCatch" "tryCatchOne" "tryCatchList" "doTryCatch" "tryCatchOne" "tryCatchList" "tryCatch" 
"all.equal.numeric" "all.equal" "isSymmetric.matrix" "isSymmetric" "mvtnorm::rmvnorm" ".jetbrains_runFunction" "knit_print.default" "withCallingHandlers" "<Anonymous>" ".Call" "doTryCatch" "tryCatchOne" "tryCatchList" "doTryCatch" "tryCatchOne" "tryCatchList" "tryCatch" 
"all" "all.equal.numeric" "all.equal" "isSymmetric.matrix" "isSymmetric" "mvtnorm::rmvnorm" ".jetbrains_runFunction" "knit_print.default" "withCallingHandlers" "<Anonymous>" ".Call" "doTryCatch" "tryCatchOne" "tryCatchList" "doTryCatch" "tryCatchOne" "tryCatchList" "tryCatch" 
"eigen" "mvtnorm::rmvnorm" ".jetbrains_runFunction" "knit_print.default" "withCallingHandlers" "<Anonymous>" ".Call" "doTryCatch" "tryCatchOne" "tryCatchList" "doTryCatch" "tryCatchOne" "tryCatchList" "tryCatch" 
"eigen" "mvtnorm::rmvnorm" ".jetbrains_runFunction" "knit_print.default" "withCallingHandlers" "<Anonymous>" ".Call" "doTryCatch" "tryCatchOne" "tryCatchList" "doTryCatch" "tryCatchOne" "tryCatchList" "tryCatch" 
"eigen" "mvtnorm::rmvnorm" ".jetbrains_runFunction" "knit_print.default" "withCallingHandlers" "<Anonymous>" ".Call" "doTryCatch" "tryCatchOne" "tryCatchList" "doTryCatch" "tryCatchOne" "tryCatchList" "tryCatch" 
"eigen" "mvtnorm::rmvnorm" ".jetbrains_runFunction" "knit_print.default" "withCallingHandlers" "<Anonymous>" ".Call" "doTryCatch" "tryCatchOne" "tryCatchList" "doTryCatch" "tryCatchOne" "tryCatchList" "tryCatch" 
"eigen" "mvtnorm::rmvnorm" ".jetbrains_runFunction" "knit_print.default" "withCallingHandlers" "<Anonymous>" ".Call" "doTryCatch" "tryCatchOne" "tryCatchList" "doTryCatch" "tryCatchOne" "tryCatchList" "tryCatch" 
"eigen" "mvtnorm::rmvnorm" ".jetbrains_runFunction" "knit_print.default" "withCallingHandlers" "<Anonymous>" ".Call" "doTryCatch" "tryCatchOne" "tryCatchList" "doTryCatch" "tryCatchOne" "tryCatchList" "tryCatch" 
"eigen" "mvtnorm::rmvnorm" ".jetbrains_runFunction" "knit_print.default" "withCallingHandlers" "<Anonymous>" ".Call" "doTryCatch" "tryCatchOne" "tryCatchList" "doTryCatch" "tryCatchOne" "tryCatchList" "tryCatch" 
"eigen" "mvtnorm::rmvnorm" ".jetbrains_runFunction" "knit_print.default" "withCallingHandlers" "<Anonymous>" ".Call" "doTryCatch" "tryCatchOne" "tryCatchList" "doTryCatch" "tryCatchOne" "tryCatchList" "tryCatch" 
"eigen" "mvtnorm::rmvnorm" ".jetbrains_runFunction" "knit_print.default" "withCallingHandlers" "<Anonymous>" ".Call" "doTryCatch" "tryCatchOne" "tryCatchList" "doTryCatch" "tryCatchOne" "tryCatchList" "tryCatch" 
"eigen" "mvtnorm::rmvnorm" ".jetbrains_runFunction" "knit_print.default" "withCallingHandlers" "<Anonymous>" ".Call" "doTryCatch" "tryCatchOne" "tryCatchList" "doTryCatch" "tryCatchOne" "tryCatchList" "tryCatch" 
"eigen" "mvtnorm::rmvnorm" ".jetbrains_runFunction" "knit_print.default" "withCallingHandlers" "<Anonymous>" ".Call" "doTryCatch" "tryCatchOne" "tryCatchList" "doTryCatch" "tryCatchOne" "tryCatchList" "tryCatch" 
"eigen" "mvtnorm::rmvnorm" ".jetbrains_runFunction" "knit_print.default" "withCallingHandlers" "<Anonymous>" ".Call" "doTryCatch" "tryCatchOne" "tryCatchList" "doTryCatch" "tryCatchOne" "tryCatchList" "tryCatch" 
"eigen" "mvtnorm::rmvnorm" ".jetbrains_runFunction" "knit_print.default" "withCallingHandlers" "<Anonymous>" ".Call" "doTryCatch" "tryCatchOne" "tryCatchList" "doTryCatch" "tryCatchOne" "tryCatchList" "tryCatch" 
"eigen" "mvtnorm::rmvnorm" ".jetbrains_runFunction" "knit_print.default" "withCallingHandlers" "<Anonymous>" ".Call" "doTryCatch" "tryCatchOne" "tryCatchList" "doTryCatch" "tryCatchOne" "tryCatchList" "tryCatch" 
"eigen" "mvtnorm::rmvnorm" ".jetbrains_runFunction" "knit_print.default" "withCallingHandlers" "<Anonymous>" ".Call" "doTryCatch" "tryCatchOne" "tryCatchList" "doTryCatch" "tryCatchOne" "tryCatchList" "tryCatch" 
"eigen" "mvtnorm::rmvnorm" ".jetbrains_runFunction" "knit_print.default" "withCallingHandlers" "<Anonymous>" ".Call" "doTryCatch" "tryCatchOne" "tryCatchList" "doTryCatch" "tryCatchOne" "tryCatchList" "tryCatch" 
"eigen" "mvtnorm::rmvnorm" ".jetbrains_runFunction" "knit_print.default" "withCallingHandlers" "<Anonymous>" ".Call" "doTryCatch" "tryCatchOne" "tryCatchList" "doTryCatch" "tryCatchOne" "tryCatchList" "tryCatch" 
"eigen" "mvtnorm::rmvnorm" ".jetbrains_runFunction" "knit_print.default" "withCallingHandlers" "<Anonymous>" ".Call" "doTryCatch" "tryCatchOne" "tryCatchList" "doTryCatch" "tryCatchOne" "tryCatchList" "tryCatch" 
"eigen" "mvtnorm::rmvnorm" ".jetbrains_runFunction" "knit_print.default" "withCallingHandlers" "<Anonymous>" ".Call" "doTryCatch" "tryCatchOne" "tryCatchList" "doTryCatch" "tryCatchOne" "tryCatchList" "tryCatch" 
"eigen" "mvtnorm::rmvnorm" ".jetbrains_runFunction" "knit_print.default" "withCallingHandlers" "<Anonymous>" ".Call" "doTryCatch" "tryCatchOne" "tryCatchList" "doTryCatch" "tryCatchOne" "tryCatchList" "tryCatch" 
"eigen" "mvtnorm::rmvnorm" ".jetbrains_runFunction" "knit_print.default" "withCallingHandlers" "<Anonymous>" ".Call" "doTryCatch" "tryCatchOne" "tryCatchList" "doTryCatch" "tryCatchOne" "tryCatchList" "tryCatch" 
"eigen" "mvtnorm::rmvnorm" ".jetbrains_runFunction" "knit_print.default" "withCallingHandlers" "<Anonymous>" ".Call" "doTryCatch" "tryCatchOne" "tryCatchList" "doTryCatch" "tryCatchOne" "tryCatchList" "tryCatch" 
"eigen" "mvtnorm::rmvnorm" ".jetbrains_runFunction" "knit_print.default" "withCallingHandlers" "<Anonymous>" ".Call" "doTryCatch" "tryCatchOne" "tryCatchList" "doTryCatch" "tryCatchOne" "tryCatchList" "tryCatch" 
"eigen" "mvtnorm::rmvnorm" ".jetbrains_runFunction" "knit_print.default" "withCallingHandlers" "<Anonymous>" ".Call" "doTryCatch" "tryCatchOne" "tryCatchList" "doTryCatch" "tryCatchOne" "tryCatchList" "tryCatch" 
"eigen" "mvtnorm::rmvnorm" ".jetbrains_runFunction" "knit_print.default" "withCallingHandlers" "<Anonymous>" ".Call" "doTryCatch" "tryCatchOne" "tryCatchList" "doTryCatch" "tryCatchOne" "tryCatchList" "tryCatch" 
"eigen" "mvtnorm::rmvnorm" ".jetbrains_runFunction" "knit_print.default" "withCallingHandlers" "<Anonymous>" ".Call" "doTryCatch" "tryCatchOne" "tryCatchList" "doTryCatch" "tryCatchOne" "tryCatchList" "tryCatch" 
"eigen" "mvtnorm::rmvnorm" ".jetbrains_runFunction" "knit_print.default" "withCallingHandlers" "<Anonymous>" ".Call" "doTryCatch" "tryCatchOne" "tryCatchList" "doTryCatch" "tryCatchOne" "tryCatchList" "tryCatch" 
"eigen" "mvtnorm::rmvnorm" ".jetbrains_runFunction" "knit_print.default" "withCallingHandlers" "<Anonymous>" ".Call" "doTryCatch" "tryCatchOne" "tryCatchList" "doTryCatch" "tryCatchOne" "tryCatchList" "tryCatch" 
"eigen" "mvtnorm::rmvnorm" ".jetbrains_runFunction" "knit_print.default" "withCallingHandlers" "<Anonymous>" ".Call" "doTryCatch" "tryCatchOne" "tryCatchList" "doTryCatch" "tryCatchOne" "tryCatchList" "tryCatch" 
"eigen" "mvtnorm::rmvnorm" ".jetbrains_runFunction" "knit_print.default" "withCallingHandlers" "<Anonymous>" ".Call" "doTryCatch" "tryCatchOne" "tryCatchList" "doTryCatch" "tryCatchOne" "tryCatchList" "tryCatch" 
"eigen" "mvtnorm::rmvnorm" ".jetbrains_runFunction" "knit_print.default" "withCallingHandlers" "<Anonymous>" ".Call" "doTryCatch" "tryCatchOne" "tryCatchList" "doTryCatch" "tryCatchOne" "tryCatchList" "tryCatch" 
"eigen" "mvtnorm::rmvnorm" ".jetbrains_runFunction" "knit_print.default" "withCallingHandlers" "<Anonymous>" ".Call" "doTryCatch" "tryCatchOne" "tryCatchList" "doTryCatch" "tryCatchOne" "tryCatchList" "tryCatch" 
"eigen" "mvtnorm::rmvnorm" ".jetbrains_runFunction" "knit_print.default" "withCallingHandlers" "<Anonymous>" ".Call" "doTryCatch" "tryCatchOne" "tryCatchList" "doTryCatch" "tryCatchOne" "tryCatchList" "tryCatch" 
"eigen" "mvtnorm::rmvnorm" ".jetbrains_runFunction" "knit_print.default" "withCallingHandlers" "<Anonymous>" ".Call" "doTryCatch" "tryCatchOne" "tryCatchList" "doTryCatch" "tryCatchOne" "tryCatchList" "tryCatch" 
"eigen" "mvtnorm::rmvnorm" ".jetbrains_runFunction" "knit_print.default" "withCallingHandlers" "<Anonymous>" ".Call" "doTryCatch" "tryCatchOne" "tryCatchList" "doTryCatch" "tryCatchOne" "tryCatchList" "tryCatch" 
"eigen" "mvtnorm::rmvnorm" ".jetbrains_runFunction" "knit_print.default" "withCallingHandlers" "<Anonymous>" ".Call" "doTryCatch" "tryCatchOne" "tryCatchList" "doTryCatch" "tryCatchOne" "tryCatchList" "tryCatch" 
"eigen" "mvtnorm::rmvnorm" ".jetbrains_runFunction" "knit_print.default" "withCallingHandlers" "<Anonymous>" ".Call" "doTryCatch" "tryCatchOne" "tryCatchList" "doTryCatch" "tryCatchOne" "tryCatchList" "tryCatch" 
"eigen" "mvtnorm::rmvnorm" ".jetbrains_runFunction" "knit_print.default" "withCallingHandlers" "<Anonymous>" ".Call" "doTryCatch" "tryCatchOne" "tryCatchList" "doTryCatch" "tryCatchOne" "tryCatchList" "tryCatch" 
"eigen" "mvtnorm::rmvnorm" ".jetbrains_runFunction" "knit_print.default" "withCallingHandlers" "<Anonymous>" ".Call" "doTryCatch" "tryCatchOne" "tryCatchList" "doTryCatch" "tryCatchOne" "tryCatchList" "tryCatch" 
"eigen" "mvtnorm::rmvnorm" ".jetbrains_runFunction" "knit_print.default" "withCallingHandlers" "<Anonymous>" ".Call" "doTryCatch" "tryCatchOne" "tryCatchList" "doTryCatch" "tryCatchOne" "tryCatchList" "tryCatch" 
"eigen" "mvtnorm::rmvnorm" ".jetbrains_runFunction" "knit_print.default" "withCallingHandlers" "<Anonymous>" ".Call" "doTryCatch" "tryCatchOne" "tryCatchList" "doTryCatch" "tryCatchOne" "tryCatchList" "tryCatch" 
"eigen" "mvtnorm::rmvnorm" ".jetbrains_runFunction" "knit_print.default" "withCallingHandlers" "<Anonymous>" ".Call" "doTryCatch" "tryCatchOne" "tryCatchList" "doTryCatch" "tryCatchOne" "tryCatchList" "tryCatch" 
"eigen" "mvtnorm::rmvnorm" ".jetbrains_runFunction" "knit_print.default" "withCallingHandlers" "<Anonymous>" ".Call" "doTryCatch" "tryCatchOne" "tryCatchList" "doTryCatch" "tryCatchOne" "tryCatchList" "tryCatch" 
"eigen" "mvtnorm::rmvnorm" ".jetbrains_runFunction" "knit_print.default" "withCallingHandlers" "<Anonymous>" ".Call" "doTryCatch" "tryCatchOne" "tryCatchList" "doTryCatch" "tryCatchOne" "tryCatchList" "tryCatch" 
"eigen" "mvtnorm::rmvnorm" ".jetbrains_runFunction" "knit_print.default" "withCallingHandlers" "<Anonymous>" ".Call" "doTryCatch" "tryCatchOne" "tryCatchList" "doTryCatch" "tryCatchOne" "tryCatchList" "tryCatch" 
"eigen" "mvtnorm::rmvnorm" ".jetbrains_runFunction" "knit_print.default" "withCallingHandlers" "<Anonymous>" ".Call" "doTryCatch" "tryCatchOne" "tryCatchList" "doTryCatch" "tryCatchOne" "tryCatchList" "tryCatch" 
"eigen" "mvtnorm::rmvnorm" ".jetbrains_runFunction" "knit_print.default" "withCallingHandlers" "<Anonymous>" ".Call" "doTryCatch" "tryCatchOne" "tryCatchList" "doTryCatch" "tryCatchOne" "tryCatchList" "tryCatch" 
"eigen" "mvtnorm::rmvnorm" ".jetbrains_runFunction" "knit_print.default" "withCallingHandlers" "<Anonymous>" ".Call" "doTryCatch" "tryCatchOne" "tryCatchList" "doTryCatch" "tryCatchOne" "tryCatchList" "tryCatch" 
"eigen" "mvtnorm::rmvnorm" ".jetbrains_runFunction" "knit_print.default" "withCallingHandlers" "<Anonymous>" ".Call" "doTryCatch" "tryCatchOne" "tryCatchList" "doTryCatch" "tryCatchOne" "tryCatchList" "tryCatch" 
"eigen" "mvtnorm::rmvnorm" ".jetbrains_runFunction" "knit_print.default" "withCallingHandlers" "<Anonymous>" ".Call" "doTryCatch" "tryCatchOne" "tryCatchList" "doTryCatch" "tryCatchOne" "tryCatchList" "tryCatch" 
"eigen" "mvtnorm::rmvnorm" ".jetbrains_runFunction" "knit_print.default" "withCallingHandlers" "<Anonymous>" ".Call" "doTryCatch" "tryCatchOne" "tryCatchList" "doTryCatch" "tryCatchOne" "tryCatchList" "tryCatch" 
"eigen" "mvtnorm::rmvnorm" ".jetbrains_runFunction" "knit_print.default" "withCallingHandlers" "<Anonymous>" ".Call" "doTryCatch" "tryCatchOne" "tryCatchList" "doTryCatch" "tryCatchOne" "tryCatchList" "tryCatch" 
"eigen" "mvtnorm::rmvnorm" ".jetbrains_runFunction" "knit_print.default" "withCallingHandlers" "<Anonymous>" ".Call" "doTryCatch" "tryCatchOne" "tryCatchList" "doTryCatch" "tryCatchOne" "tryCatchList" "tryCatch" 
"eigen" "mvtnorm::rmvnorm" ".jetbrains_runFunction" "knit_print.default" "withCallingHandlers" "<Anonymous>" ".Call" "doTryCatch" "tryCatchOne" "tryCatchList" "doTryCatch" "tryCatchOne" "tryCatchList" "tryCatch" 
"eigen" "mvtnorm::rmvnorm" ".jetbrains_runFunction" "knit_print.default" "withCallingHandlers" "<Anonymous>" ".Call" "doTryCatch" "tryCatchOne" "tryCatchList" "doTryCatch" "tryCatchOne" "tryCatchList" "tryCatch" 
"eigen" "mvtnorm::rmvnorm" ".jetbrains_runFunction" "knit_print.default" "withCallingHandlers" "<Anonymous>" ".Call" "doTryCatch" "tryCatchOne" "tryCatchList" "doTryCatch" "tryCatchOne" "tryCatchList" "tryCatch" 
"eigen" "mvtnorm::rmvnorm" ".jetbrains_runFunction" "knit_print.default" "withCallingHandlers" "<Anonymous>" ".Call" "doTryCatch" "tryCatchOne" "tryCatchList" "doTryCatch" "tryCatchOne" "tryCatchList" "tryCatch" 
"eigen" "mvtnorm::rmvnorm" ".jetbrains_runFunction" "knit_print.default" "withCallingHandlers" "<Anonymous>" ".Call" "doTryCatch" "tryCatchOne" "tryCatchList" "doTryCatch" "tryCatchOne" "tryCatchList" "tryCatch" 
"eigen" "mvtnorm::rmvnorm" ".jetbrains_runFunction" "knit_print.default" "withCallingHandlers" "<Anonymous>" ".Call" "doTryCatch" "tryCatchOne" "tryCatchList" "doTryCatch" "tryCatchOne" "tryCatchList" "tryCatch" 
"eigen" "mvtnorm::rmvnorm" ".jetbrains_runFunction" "knit_print.default" "withCallingHandlers" "<Anonymous>" ".Call" "doTryCatch" "tryCatchOne" "tryCatchList" "doTryCatch" "tryCatchOne" "tryCatchList" "tryCatch" 
"eigen" "mvtnorm::rmvnorm" ".jetbrains_runFunction" "knit_print.default" "withCallingHandlers" "<Anonymous>" ".Call" "doTryCatch" "tryCatchOne" "tryCatchList" "doTryCatch" "tryCatchOne" "tryCatchList" "tryCatch" 
"%*%" "t" "mvtnorm::rmvnorm" ".jetbrains_runFunction" "knit_print.default" "withCallingHandlers" "<Anonymous>" ".Call" "doTryCatch" "tryCatchOne" "tryCatchList" "doTryCatch" "tryCatchOne" "tryCatchList" "tryCatch" 
"%*%" "t" "mvtnorm::rmvnorm" ".jetbrains_runFunction" "knit_print.default" "withCallingHandlers" "<Anonymous>" ".Call" "doTryCatch" "tryCatchOne" "tryCatchList" "doTryCatch" "tryCatchOne" "tryCatchList" "tryCatch" 
"%*%" "t" "mvtnorm::rmvnorm" ".jetbrains_runFunction" "knit_print.default" "withCallingHandlers" "<Anonymous>" ".Call" "doTryCatch" "tryCatchOne" "tryCatchList" "doTryCatch" "tryCatchOne" "tryCatchList" "tryCatch" 
"%*%" "t" "mvtnorm::rmvnorm" ".jetbrains_runFunction" "knit_print.default" "withCallingHandlers" "<Anonymous>" ".Call" "doTryCatch" "tryCatchOne" "tryCatchList" "doTryCatch" "tryCatchOne" "tryCatchList" "tryCatch" 
"%*%" "t" "mvtnorm::rmvnorm" ".jetbrains_runFunction" "knit_print.default" "withCallingHandlers" "<Anonymous>" ".Call" "doTryCatch" "tryCatchOne" "tryCatchList" "doTryCatch" "tryCatchOne" "tryCatchList" "tryCatch" 
"%*%" "t" "mvtnorm::rmvnorm" ".jetbrains_runFunction" "knit_print.default" "withCallingHandlers" "<Anonymous>" ".Call" "doTryCatch" "tryCatchOne" "tryCatchList" "doTryCatch" "tryCatchOne" "tryCatchList" "tryCatch" 
"%*%" "t" "mvtnorm::rmvnorm" ".jetbrains_runFunction" "knit_print.default" "withCallingHandlers" "<Anonymous>" ".Call" "doTryCatch" "tryCatchOne" "tryCatchList" "doTryCatch" "tryCatchOne" "tryCatchList" "tryCatch" 
"%*%" "t" "mvtnorm::rmvnorm" ".jetbrains_runFunction" "knit_print.default" "withCallingHandlers" "<Anonymous>" ".Call" "doTryCatch" "tryCatchOne" "tryCatchList" "doTryCatch" "tryCatchOne" "tryCatchList" "tryCatch" 
"%*%" "t" "mvtnorm::rmvnorm" ".jetbrains_runFunction" "knit_print.default" "withCallingHandlers" "<Anonymous>" ".Call" "doTryCatch" "tryCatchOne" "tryCatchList" "doTryCatch" "tryCatchOne" "tryCatchList" "tryCatch" 
"%*%" "t" "mvtnorm::rmvnorm" ".jetbrains_runFunction" "knit_print.default" "withCallingHandlers" "<Anonymous>" ".Call" "doTryCatch" "tryCatchOne" "tryCatchList" "doTryCatch" "tryCatchOne" "tryCatchList" "tryCatch" 
"%*%" "t" "mvtnorm::rmvnorm" ".jetbrains_runFunction" "knit_print.default" "withCallingHandlers" "<Anonymous>" ".Call" "doTryCatch" "tryCatchOne" "tryCatchList" "doTryCatch" "tryCatchOne" "tryCatchList" "tryCatch" 
"%*%" "t" "mvtnorm::rmvnorm" ".jetbrains_runFunction" "knit_print.default" "withCallingHandlers" "<Anonymous>" ".Call" "doTryCatch" "tryCatchOne" "tryCatchList" "doTryCatch" "tryCatchOne" "tryCatchList" "tryCatch" 
"%*%" "t" "mvtnorm::rmvnorm" ".jetbrains_runFunction" "knit_print.default" "withCallingHandlers" "<Anonymous>" ".Call" "doTryCatch" "tryCatchOne" "tryCatchList" "doTryCatch" "tryCatchOne" "tryCatchList" "tryCatch" 
"%*%" "t" "mvtnorm::rmvnorm" ".jetbrains_runFunction" "knit_print.default" "withCallingHandlers" "<Anonymous>" ".Call" "doTryCatch" "tryCatchOne" "tryCatchList" "doTryCatch" "tryCatchOne" "tryCatchList" "tryCatch" 
"%*%" "t" "mvtnorm::rmvnorm" ".jetbrains_runFunction" "knit_print.default" "withCallingHandlers" "<Anonymous>" ".Call" "doTryCatch" "tryCatchOne" "tryCatchList" "doTryCatch" "tryCatchOne" "tryCatchList" "tryCatch" 
"%*%" "t" "mvtnorm::rmvnorm" ".jetbrains_runFunction" "knit_print.default" "withCallingHandlers" "<Anonymous>" ".Call" "doTryCatch" "tryCatchOne" "tryCatchList" "doTryCatch" "tryCatchOne" "tryCatchList" "tryCatch" 
"%*%" "t" "mvtnorm::rmvnorm" ".jetbrains_runFunction" "knit_print.default" "withCallingHandlers" "<Anonymous>" ".Call" "doTryCatch" "tryCatchOne" "tryCatchList" "doTryCatch" "tryCatchOne" "tryCatchList" "tryCatch" 
"%*%" "t" "mvtnorm::rmvnorm" ".jetbrains_runFunction" "knit_print.default" "withCallingHandlers" "<Anonymous>" ".Call" "doTryCatch" "tryCatchOne" "tryCatchList" "doTryCatch" "tryCatchOne" "tryCatchList" "tryCatch" 
"%*%" "t" "mvtnorm::rmvnorm" ".jetbrains_runFunction" "knit_print.default" "withCallingHandlers" "<Anonymous>" ".Call" "doTryCatch" "tryCatchOne" "tryCatchList" "doTryCatch" "tryCatchOne" "tryCatchList" "tryCatch" 
"%*%" "t" "mvtnorm::rmvnorm" ".jetbrains_runFunction" "knit_print.default" "withCallingHandlers" "<Anonymous>" ".Call" "doTryCatch" "tryCatchOne" "tryCatchList" "doTryCatch" "tryCatchOne" "tryCatchList" "tryCatch" 
"%*%" "t" "mvtnorm::rmvnorm" ".jetbrains_runFunction" "knit_print.default" "withCallingHandlers" "<Anonymous>" ".Call" "doTryCatch" "tryCatchOne" "tryCatchList" "doTryCatch" "tryCatchOne" "tryCatchList" "tryCatch" 
"%*%" "t" "mvtnorm::rmvnorm" ".jetbrains_runFunction" "knit_print.default" "withCallingHandlers" "<Anonymous>" ".Call" "doTryCatch" "tryCatchOne" "tryCatchList" "doTryCatch" "tryCatchOne" "tryCatchList" "tryCatch" 
"%*%" "t" "mvtnorm::rmvnorm" ".jetbrains_runFunction" "knit_print.default" "withCallingHandlers" "<Anonymous>" ".Call" "doTryCatch" "tryCatchOne" "tryCatchList" "doTryCatch" "tryCatchOne" "tryCatchList" "tryCatch" 
"%*%" "t" "mvtnorm::rmvnorm" ".jetbrains_runFunction" "knit_print.default" "withCallingHandlers" "<Anonymous>" ".Call" "doTryCatch" "tryCatchOne" "tryCatchList" "doTryCatch" "tryCatchOne" "tryCatchList" "tryCatch" 
"%*%" "t" "mvtnorm::rmvnorm" ".jetbrains_runFunction" "knit_print.default" "withCallingHandlers" "<Anonymous>" ".Call" "doTryCatch" "tryCatchOne" "tryCatchList" "doTryCatch" "tryCatchOne" "tryCatchList" "tryCatch" 
"%*%" "t" "mvtnorm::rmvnorm" ".jetbrains_runFunction" "knit_print.default" "withCallingHandlers" "<Anonymous>" ".Call" "doTryCatch" "tryCatchOne" "tryCatchList" "doTryCatch" "tryCatchOne" "tryCatchList" "tryCatch" 
"rnorm" "matrix" "mvtnorm::rmvnorm" ".jetbrains_runFunction" "knit_print.default" "withCallingHandlers" "<Anonymous>" ".Call" "doTryCatch" "tryCatchOne" "tryCatchList" "doTryCatch" "tryCatchOne" "tryCatchList" "tryCatch" 
"rnorm" "matrix" "mvtnorm::rmvnorm" ".jetbrains_runFunction" "knit_print.default" "withCallingHandlers" "<Anonymous>" ".Call" "doTryCatch" "tryCatchOne" "tryCatchList" "doTryCatch" "tryCatchOne" "tryCatchList" "tryCatch" 
"rnorm" "matrix" "mvtnorm::rmvnorm" ".jetbrains_runFunction" "knit_print.default" "withCallingHandlers" "<Anonymous>" ".Call" "doTryCatch" "tryCatchOne" "tryCatchList" "doTryCatch" "tryCatchOne" "tryCatchList" "tryCatch" 
"%*%" "mvtnorm::rmvnorm" ".jetbrains_runFunction" "knit_print.default" "withCallingHandlers" "<Anonymous>" ".Call" "doTryCatch" "tryCatchOne" "tryCatchList" "doTryCatch" "tryCatchOne" "tryCatchList" "tryCatch" 
"%*%" "mvtnorm::rmvnorm" ".jetbrains_runFunction" "knit_print.default" "withCallingHandlers" "<Anonymous>" ".Call" "doTryCatch" "tryCatchOne" "tryCatchList" "doTryCatch" "tryCatchOne" "tryCatchList" "tryCatch" 
"%*%" "mvtnorm::rmvnorm" ".jetbrains_runFunction" "knit_print.default" "withCallingHandlers" "<Anonymous>" ".Call" "doTryCatch" "tryCatchOne" "tryCatchList" "doTryCatch" "tryCatchOne" "tryCatchList" "tryCatch" 
"%*%" "mvtnorm::rmvnorm" ".jetbrains_runFunction" "knit_print.default" "withCallingHandlers" "<Anonymous>" ".Call" "doTryCatch" "tryCatchOne" "tryCatchList" "doTryCatch" "tryCatchOne" "tryCatchList" "tryCatch" 
"%*%" "mvtnorm::rmvnorm" ".jetbrains_runFunction" "knit_print.default" "withCallingHandlers" "<Anonymous>" ".Call" "doTryCatch" "tryCatchOne" "tryCatchList" "doTryCatch" "tryCatchOne" "tryCatchList" "tryCatch" 
"%*%" "mvtnorm::rmvnorm" ".jetbrains_runFunction" "knit_print.default" "withCallingHandlers" "<Anonymous>" ".Call" "doTryCatch" "tryCatchOne" "tryCatchList" "doTryCatch" "tryCatchOne" "tryCatchList" "tryCatch" 
"%*%" "mvtnorm::rmvnorm" ".jetbrains_runFunction" "knit_print.default" "withCallingHandlers" "<Anonymous>" ".Call" "doTryCatch" "tryCatchOne" "tryCatchList" "doTryCatch" "tryCatchOne" "tryCatchList" "tryCatch" 
"%*%" "mvtnorm::rmvnorm" ".jetbrains_runFunction" "knit_print.default" "withCallingHandlers" "<Anonymous>" ".Call" "doTryCatch" "tryCatchOne" "tryCatchList" "doTryCatch" "tryCatchOne" "tryCatchList" "tryCatch" 
"%*%" "mvtnorm::rmvnorm" ".jetbrains_runFunction" "knit_print.default" "withCallingHandlers" "<Anonymous>" ".Call" "doTryCatch" "tryCatchOne" "tryCatchList" "doTryCatch" "tryCatchOne" "tryCatchList" "tryCatch" 
"%*%" "mvtnorm::rmvnorm" ".jetbrains_runFunction" "knit_print.default" "withCallingHandlers" "<Anonymous>" ".Call" "doTryCatch" "tryCatchOne" "tryCatchList" "doTryCatch" "tryCatchOne" "tryCatchList" "tryCatch" 
"%*%" "mvtnorm::rmvnorm" ".jetbrains_runFunction" "knit_print.default" "withCallingHandlers" "<Anonymous>" ".Call" "doTryCatch" "tryCatchOne" "tryCatchList" "doTryCatch" "tryCatchOne" "tryCatchList" "tryCatch" 
"%*%" "mvtnorm::rmvnorm" ".jetbrains_runFunction" "knit_print.default" "withCallingHandlers" "<Anonymous>" ".Call" "doTryCatch" "tryCatchOne" "tryCatchList" "doTryCatch" "tryCatchOne" "tryCatchList" "tryCatch" 
"%*%" "mvtnorm::rmvnorm" ".jetbrains_runFunction" "knit_print.default" "withCallingHandlers" "<Anonymous>" ".Call" "doTryCatch" "tryCatchOne" "tryCatchList" "doTryCatch" "tryCatchOne" "tryCatchList" "tryCatch" 
"%*%" "mvtnorm::rmvnorm" ".jetbrains_runFunction" "knit_print.default" "withCallingHandlers" "<Anonymous>" ".Call" "doTryCatch" "tryCatchOne" "tryCatchList" "doTryCatch" "tryCatchOne" "tryCatchList" "tryCatch" 
"%*%" "mvtnorm::rmvnorm" ".jetbrains_runFunction" "knit_print.default" "withCallingHandlers" "<Anonymous>" ".Call" "doTryCatch" "tryCatchOne" "tryCatchList" "doTryCatch" "tryCatchOne" "tryCatchList" "tryCatch" 
"%*%" "mvtnorm::rmvnorm" ".jetbrains_runFunction" "knit_print.default" "withCallingHandlers" "<Anonymous>" ".Call" "doTryCatch" "tryCatchOne" "tryCatchList" "doTryCatch" "tryCatchOne" "tryCatchList" "tryCatch" 
"%*%" "mvtnorm::rmvnorm" ".jetbrains_runFunction" "knit_print.default" "withCallingHandlers" "<Anonymous>" ".Call" "doTryCatch" "tryCatchOne" "tryCatchList" "doTryCatch" "tryCatchOne" "tryCatchList" "tryCatch" 
"%*%" "mvtnorm::rmvnorm" ".jetbrains_runFunction" "knit_print.default" "withCallingHandlers" "<Anonymous>" ".Call" "doTryCatch" "tryCatchOne" "tryCatchList" "doTryCatch" "tryCatchOne" "tryCatchList" "tryCatch" 
"%*%" "mvtnorm::rmvnorm" ".jetbrains_runFunction" "knit_print.default" "withCallingHandlers" "<Anonymous>" ".Call" "doTryCatch" "tryCatchOne" "tryCatchList" "doTryCatch" "tryCatchOne" "tryCatchList" "tryCatch" 
"%*%" "mvtnorm::rmvnorm" ".jetbrains_runFunction" "knit_print.default" "withCallingHandlers" "<Anonymous>" ".Call" "doTryCatch" "tryCatchOne" "tryCatchList" "doTryCatch" "tryCatchOne" "tryCatchList" "tryCatch" 
"%*%" "mvtnorm::rmvnorm" ".jetbrains_runFunction" "knit_print.default" "withCallingHandlers" "<Anonymous>" ".Call" "doTryCatch" "tryCatchOne" "tryCatchList" "doTryCatch" "tryCatchOne" "tryCatchList" "tryCatch" 
"%*%" "mvtnorm::rmvnorm" ".jetbrains_runFunction" "knit_print.default" "withCallingHandlers" "<Anonymous>" ".Call" "doTryCatch" "tryCatchOne" "tryCatchList" "doTryCatch" "tryCatchOne" "tryCatchList" "tryCatch" 
"%*%" "mvtnorm::rmvnorm" ".jetbrains_runFunction" "knit_print.default" "withCallingHandlers" "<Anonymous>" ".Call" "doTryCatch" "tryCatchOne" "tryCatchList" "doTryCatch" "tryCatchOne" "tryCatchList" "tryCatch" 
"%*%" "mvtnorm::rmvnorm" ".jetbrains_runFunction" "knit_print.default" "withCallingHandlers" "<Anonymous>" ".Call" "doTryCatch" "tryCatchOne" "tryCatchList" "doTryCatch" "tryCatchOne" "tryCatchList" "tryCatch" 
"%*%" "mvtnorm::rmvnorm" ".jetbrains_runFunction" "knit_print.default" "withCallingHandlers" "<Anonymous>" ".Call" "doTryCatch" "tryCatchOne" "tryCatchList" "doTryCatch" "tryCatchOne" "tryCatchList" "tryCatch" 
"%*%" "mvtnorm::rmvnorm" ".jetbrains_runFunction" "knit_print.default" "withCallingHandlers" "<Anonymous>" ".Call" "doTryCatch" "tryCatchOne" "tryCatchList" "doTryCatch" "tryCatchOne" "tryCatchList" "tryCatch" 
"print.default" "base::print" ".jetbrains_runFunction" "knit_print.default" "withCallingHandlers" "<Anonymous>" ".Call" "doTryCatch" "tryCatchOne" "tryCatchList" "doTryCatch" "tryCatchOne" "tryCatchList" "tryCatch" 
"print.default" "base::print" ".jetbrains_runFunction" "knit_print.default" "withCallingHandlers" "<Anonymous>" ".Call" "doTryCatch" "tryCatchOne" "tryCatchList" "doTryCatch" "tryCatchOne" "tryCatchList" "tryCatch" 
"print.default" "base::print" ".jetbrains_runFunction" "knit_print.default" "withCallingHandlers" "<Anonymous>" ".Call" "doTryCatch" "tryCatchOne" "tryCatchList" "doTryCatch" "tryCatchOne" "tryCatchList" "tryCatch" 
"print.default" "base::print" ".jetbrains_runFunction" "knit_print.default" "withCallingHandlers" "<Anonymous>" ".Call" "doTryCatch" "tryCatchOne" "tryCatchList" "doTryCatch" "tryCatchOne" "tryCatchList" "tryCatch" 
"print.default" "base::print" ".jetbrains_runFunction" "knit_print.default" "withCallingHandlers" "<Anonymous>" ".Call" "doTryCatch" "tryCatchOne" "tryCatchList" "doTryCatch" "tryCatchOne" "tryCatchList" "tryCatch" 
"print.default" "base::print" ".jetbrains_runFunction" "knit_print.default" "withCallingHandlers" "<Anonymous>" ".Call" "doTryCatch" "tryCatchOne" "tryCatchList" "doTryCatch" "tryCatchOne" "tryCatchList" "tryCatch" 
"print.default" "base::print" ".jetbrains_runFunction" "knit_print.default" "withCallingHandlers" "<Anonymous>" ".Call" "doTryCatch" "tryCatchOne" "tryCatchList" "doTryCatch" "tryCatchOne" "tryCatchList" "tryCatch" 
"print.default" "base::print" ".jetbrains_runFunction" "knit_print.default" "withCallingHandlers" "<Anonymous>" ".Call" "doTryCatch" "tryCatchOne" "tryCatchList" "doTryCatch" "tryCatchOne" "tryCatchList" "tryCatch" 
"print.default" "base::print" ".jetbrains_runFunction" "knit_print.default" "withCallingHandlers" "<Anonymous>" ".Call" "doTryCatch" "tryCatchOne" "tryCatchList" "doTryCatch" "tryCatchOne" "tryCatchList" "tryCatch" 
"print.default" "base::print" ".jetbrains_runFunction" "knit_print.default" "withCallingHandlers" "<Anonymous>" ".Call" "doTryCatch" "tryCatchOne" "tryCatchList" "doTryCatch" "tryCatchOne" "tryCatchList" "tryCatch" 
"print.default" "base::print" ".jetbrains_runFunction" "knit_print.default" "withCallingHandlers" "<Anonymous>" ".Call" "doTryCatch" "tryCatchOne" "tryCatchList" "doTryCatch" "tryCatchOne" "tryCatchList" "tryCatch" 
"print.default" "base::print" ".jetbrains_runFunction" "knit_print.default" "withCallingHandlers" "<Anonymous>" ".Call" "doTryCatch" "tryCatchOne" "tryCatchList" "doTryCatch" "tryCatchOne" "tryCatchList" "tryCatch" 
"print.default" "base::print" ".jetbrains_runFunction" "knit_print.default" "withCallingHandlers" "<Anonymous>" ".Call" "doTryCatch" "tryCatchOne" "tryCatchList" "doTryCatch" "tryCatchOne" "tryCatchList" "tryCatch" 
"print.default" "base::print" ".jetbrains_runFunction" "knit_print.default" "withCallingHandlers" "<Anonymous>" ".Call" "doTryCatch" "tryCatchOne" "tryCatchList" "doTryCatch" "tryCatchOne" "tryCatchList" "tryCatch" 
"print.default" "base::print" ".jetbrains_runFunction" "knit_print.default" "withCallingHandlers" "<Anonymous>" ".Call" "doTryCatch" "tryCatchOne" "tryCatchList" "doTryCatch" "tryCatchOne" "tryCatchList" "tryCatch" 
"print.default" "base::print" ".jetbrains_runFunction" "knit_print.default" "withCallingHandlers" "<Anonymous>" ".Call" "doTryCatch" "tryCatchOne" "tryCatchList" "doTryCatch" "tryCatchOne" "tryCatchList" "tryCatch" 
"print.default" "base::print" ".jetbrains_runFunction" "knit_print.default" "withCallingHandlers" "<Anonymous>" ".Call" "doTryCatch" "tryCatchOne" "tryCatchList" "doTryCatch" "tryCatchOne" "tryCatchList" "tryCatch" 
"print.default" "base::print" ".jetbrains_runFunction" "knit_print.default" "withCallingHandlers" "<Anonymous>" ".Call" "doTryCatch" "tryCatchOne" "tryCatchList" "doTryCatch" "tryCatchOne" "tryCatchList" "tryCatch" 
"print.default" "base::print" ".jetbrains_runFunction" "knit_print.default" "withCallingHandlers" "<Anonymous>" ".Call" "doTryCatch" "tryCatchOne" "tryCatchList" "doTryCatch" "tryCatchOne" "tryCatchList" "tryCatch" 
"print.default" "base::print" ".jetbrains_runFunction" "knit_print.default" "withCallingHandlers" "<Anonymous>" ".Call" "doTryCatch" "tryCatchOne" "tryCatchList" "doTryCatch" "tryCatchOne" "tryCatchList" "tryCatch" 
"print.default" "base::print" ".jetbrains_runFunction" "knit_print.default" "withCallingHandlers" "<Anonymous>" ".Call" "doTryCatch" "tryCatchOne" "tryCatchList" "doTryCatch" "tryCatchOne" "tryCatchList" "tryCatch" 
"print.default" "base::print" ".jetbrains_runFunction" "knit_print.default" "withCallingHandlers" "<Anonymous>" ".Call" "doTryCatch" "tryCatchOne" "tryCatchList" "doTryCatch" "tryCatchOne" "tryCatchList" "tryCatch" 
"print.default" "base::print" ".jetbrains_runFunction" "knit_print.default" "withCallingHandlers" "<Anonymous>" ".Call" "doTryCatch" "tryCatchOne" "tryCatchList" "doTryCatch" "tryCatchOne" "tryCatchList" "tryCatch" 
"print.default" "base::print" ".jetbrains_runFunction" "knit_print.default" "withCallingHandlers" "<Anonymous>" ".Call" "doTryCatch" "tryCatchOne" "tryCatchList" "doTryCatch" "tryCatchOne" "tryCatchList" "tryCatch" 
"print.default" "base::print" ".jetbrains_runFunction" "knit_print.default" "withCallingHandlers" "<Anonymous>" ".Call" "doTryCatch" "tryCatchOne" "tryCatchList" "doTryCatch" "tryCatchOne" "tryCatchList" "tryCatch" 
"print.default" "base::print" ".jetbrains_runFunction" "knit_print.default" "withCallingHandlers" "<Anonymous>" ".Call" "doTryCatch" "tryCatchOne" "tryCatchList" "doTryCatch" "tryCatchOne" "tryCatchList" "tryCatch" 
"print.default" "base::print" ".jetbrains_runFunction" "knit_print.default" "withCallingHandlers" "<Anonymous>" ".Call" "doTryCatch" "tryCatchOne" "tryCatchList" "doTryCatch" "tryCatchOne" "tryCatchList" "tryCatch" 
"print.default" "base::print" ".jetbrains_runFunction" "knit_print.default" "withCallingHandlers" "<Anonymous>" ".Call" "doTryCatch" "tryCatchOne" "tryCatchList" "doTryCatch" "tryCatchOne" "tryCatchList" "tryCatch" 
"print.default" "base::print" ".jetbrains_runFunction" "knit_print.default" "withCallingHandlers" "<Anonymous>" ".Call" "doTryCatch" "tryCatchOne" "tryCatchList" "doTryCatch" "tryCatchOne" "tryCatchList" "tryCatch" 
"print.default" "base::print" ".jetbrains_runFunction" "knit_print.default" "withCallingHandlers" "<Anonymous>" ".Call" "doTryCatch" "tryCatchOne" "tryCatchList" "doTryCatch" "tryCatchOne" "tryCatchList" "tryCatch" 
"print.default" "base::print" ".jetbrains_runFunction" "knit_print.default" "withCallingHandlers" "<Anonymous>" ".Call" "doTryCatch" "tryCatchOne" "tryCatchList" "doTryCatch" "tryCatchOne" "tryCatchList" "tryCatch" 
"print.default" "base::print" ".jetbrains_runFunction" "knit_print.default" "withCallingHandlers" "<Anonymous>" ".Call" "doTryCatch" "tryCatchOne" "tryCatchList" "doTryCatch" "tryCatchOne" "tryCatchList" "tryCatch" 
"print.default" "base::print" ".jetbrains_runFunction" "knit_print.default" "withCallingHandlers" "<Anonymous>" ".Call" "doTryCatch" "tryCatchOne" "tryCatchList" "doTryCatch" "tryCatchOne" "tryCatchList" "tryCatch" 
"print.default" "base::print" ".jetbrains_runFunction" "knit_print.default" "withCallingHandlers" "<Anonymous>" ".Call" "doTryCatch" "tryCatchOne" "tryCatchList" "doTryCatch" "tryCatchOne" "tryCatchList" "tryCatch" 
"print.default" "base::print" ".jetbrains_runFunction" "knit_print.default" "withCallingHandlers" "<Anonymous>" ".Call" "doTryCatch" "tryCatchOne" "tryCatchList" "doTryCatch" "tryCatchOne" "tryCatchList" "tryCatch" 
"print.default" "base::print" ".jetbrains_runFunction" "knit_print.default" "withCallingHandlers" "<Anonymous>" ".Call" "doTryCatch" "tryCatchOne" "tryCatchList" "doTryCatch" "tryCatchOne" "tryCatchList" "tryCatch" 
"print.default" "base::print" ".jetbrains_runFunction" "knit_print.default" "withCallingHandlers" "<Anonymous>" ".Call" "doTryCatch" "tryCatchOne" "tryCatchList" "doTryCatch" "tryCatchOne" "tryCatchList" "tryCatch" 
"print.default" "base::print" ".jetbrains_runFunction" "knit_print.default" "withCallingHandlers" "<Anonymous>" ".Call" "doTryCatch" "tryCatchOne" "tryCatchList" "doTryCatch" "tryCatchOne" "tryCatchList" "tryCatch" 
"print.default" "base::print" ".jetbrains_runFunction" "knit_print.default" "withCallingHandlers" "<Anonymous>" ".Call" "doTryCatch" "tryCatchOne" "tryCatchList" "doTryCatch" "tryCatchOne" "tryCatchList" "tryCatch" 
"print.default" "base::print" ".jetbrains_runFunction" "knit_print.default" "withCallingHandlers" "<Anonymous>" ".Call" "doTryCatch" "tryCatchOne" "tryCatchList" "doTryCatch" "tryCatchOne" "tryCatchList" "tryCatch" 
"print.default" "base::print" ".jetbrains_runFunction" "knit_print.default" "withCallingHandlers" "<Anonymous>" ".Call" "doTryCatch" "tryCatchOne" "tryCatchList" "doTryCatch" "tryCatchOne" "tryCatchList" "tryCatch" 
"print.default" "base::print" ".jetbrains_runFunction" "knit_print.default" "withCallingHandlers" "<Anonymous>" ".Call" "doTryCatch" "tryCatchOne" "tryCatchList" "doTryCatch" "tryCatchOne" "tryCatchList" "tryCatch" 
"print.default" "base::print" ".jetbrains_runFunction" "knit_print.default" "withCallingHandlers" "<Anonymous>" ".Call" "doTryCatch" "tryCatchOne" "tryCatchList" "doTryCatch" "tryCatchOne" "tryCatchList" "tryCatch" 
"print.default" "base::print" ".jetbrains_runFunction" "knit_print.default" "withCallingHandlers" "<Anonymous>" ".Call" "doTryCatch" "tryCatchOne" "tryCatchList" "doTryCatch" "tryCatchOne" "tryCatchList" "tryCatch" 
"print.default" "base::print" ".jetbrains_runFunction" "knit_print.default" "withCallingHandlers" "<Anonymous>" ".Call" "doTryCatch" "tryCatchOne" "tryCatchList" "doTryCatch" "tryCatchOne" "tryCatchList" "tryCatch" 
"print.default" "base::print" ".jetbrains_runFunction" "knit_print.default" "withCallingHandlers" "<Anonymous>" ".Call" "doTryCatch" "tryCatchOne" "tryCatchList" "doTryCatch" "tryCatchOne" "tryCatchList" "tryCatch" 
"print.default" "base::print" ".jetbrains_runFunction" "knit_print.default" "withCallingHandlers" "<Anonymous>" ".Call" "doTryCatch" "tryCatchOne" "tryCatchList" "doTryCatch" "tryCatchOne" "tryCatchList" "tryCatch" 
"print.default" "base::print" ".jetbrains_runFunction" "knit_print.default" "withCallingHandlers" "<Anonymous>" ".Call" "doTryCatch" "tryCatchOne" "tryCatchList" "doTryCatch" "tryCatchOne" "tryCatchList" "tryCatch" 
"print.default" "base::print" ".jetbrains_runFunction" "knit_print.default" "withCallingHandlers" "<Anonymous>" ".Call" "doTryCatch" "tryCatchOne" "tryCatchList" "doTryCatch" "tryCatchOne" "tryCatchList" "tryCatch" 
"print.default" "base::print" ".jetbrains_runFunction" "knit_print.default" "withCallingHandlers" "<Anonymous>" ".Call" "doTryCatch" "tryCatchOne" "tryCatchList" "doTryCatch" "tryCatchOne" "tryCatchList" "tryCatch" 
"print.default" "base::print" ".jetbrains_runFunction" "knit_print.default" "withCallingHandlers" "<Anonymous>" ".Call" "doTryCatch" "tryCatchOne" "tryCatchList" "doTryCatch" "tryCatchOne" "tryCatchList" "tryCatch" 
"print.default" "base::print" ".jetbrains_runFunction" "knit_print.default" "withCallingHandlers" "<Anonymous>" ".Call" "doTryCatch" "tryCatchOne" "tryCatchList" "doTryCatch" "tryCatchOne" "tryCatchList" "tryCatch" 
"print.default" "base::print" ".jetbrains_runFunction" "knit_print.default" "withCallingHandlers" "<Anonymous>" ".Call" "doTryCatch" "tryCatchOne" "tryCatchList" "doTryCatch" "tryCatchOne" "tryCatchList" "tryCatch" 
"print.default" "base::print" ".jetbrains_runFunction" "knit_print.default" "withCallingHandlers" "<Anonymous>" ".Call" "doTryCatch" "tryCatchOne" "tryCatchList" "doTryCatch" "tryCatchOne" "tryCatchList" "tryCatch" 
"print.default" "base::print" ".jetbrains_runFunction" "knit_print.default" "withCallingHandlers" "<Anonymous>" ".Call" "doTryCatch" "tryCatchOne" "tryCatchList" "doTryCatch" "tryCatchOne" "tryCatchList" "tryCatch" 
"print.default" "base::print" ".jetbrains_runFunction" "knit_print.default" "withCallingHandlers" "<Anonymous>" ".Call" "doTryCatch" "tryCatchOne" "tryCatchList" "doTryCatch" "tryCatchOne" "tryCatchList" "tryCatch" 
"print.default" "base::print" ".jetbrains_runFunction" "knit_print.default" "withCallingHandlers" "<Anonymous>" ".Call" "doTryCatch" "tryCatchOne" "tryCatchList" "doTryCatch" "tryCatchOne" "tryCatchList" "tryCatch" 
".Call" "doTryCatch" "tryCatchOne" "tryCatchList" "doTryCatch" "tryCatchOne" "tryCatchList" "tryCatch" 
"<Anonymous>" ".Call" "doTryCatch" "tryCatchOne" "tryCatchList" "doTryCatch" "tryCatchOne" "tryCatchList" "tryCatch" 
".Call" "doTryCatch" "tryCatchOne" "tryCatchList" "doTryCatch" "tryCatchOne" "tryCatchList" "tryCatch" 
"eigen" "MASS::mvrnorm" ".jetbrains_runFunction" "knit_print.default" "withCallingHandlers" "<Anonymous>" ".Call" "doTryCatch" "tryCatchOne" "tryCatchList" "doTryCatch" "tryCatchOne" "tryCatchList" "tryCatch" 
"eigen" "MASS::mvrnorm" ".jetbrains_runFunction" "knit_print.default" "withCallingHandlers" "<Anonymous>" ".Call" "doTryCatch" "tryCatchOne" "tryCatchList" "doTryCatch" "tryCatchOne" "tryCatchList" "tryCatch" 
"eigen" "MASS::mvrnorm" ".jetbrains_runFunction" "knit_print.default" "withCallingHandlers" "<Anonymous>" ".Call" "doTryCatch" "tryCatchOne" "tryCatchList" "doTryCatch" "tryCatchOne" "tryCatchList" "tryCatch" 
"eigen" "MASS::mvrnorm" ".jetbrains_runFunction" "knit_print.default" "withCallingHandlers" "<Anonymous>" ".Call" "doTryCatch" "tryCatchOne" "tryCatchList" "doTryCatch" "tryCatchOne" "tryCatchList" "tryCatch" 
"eigen" "MASS::mvrnorm" ".jetbrains_runFunction" "knit_print.default" "withCallingHandlers" "<Anonymous>" ".Call" "doTryCatch" "tryCatchOne" "tryCatchList" "doTryCatch" "tryCatchOne" "tryCatchList" "tryCatch" 
"eigen" "MASS::mvrnorm" ".jetbrains_runFunction" "knit_print.default" "withCallingHandlers" "<Anonymous>" ".Call" "doTryCatch" "tryCatchOne" "tryCatchList" "doTryCatch" "tryCatchOne" "tryCatchList" "tryCatch" 
"eigen" "MASS::mvrnorm" ".jetbrains_runFunction" "knit_print.default" "withCallingHandlers" "<Anonymous>" ".Call" "doTryCatch" "tryCatchOne" "tryCatchList" "doTryCatch" "tryCatchOne" "tryCatchList" "tryCatch" 
"eigen" "MASS::mvrnorm" ".jetbrains_runFunction" "knit_print.default" "withCallingHandlers" "<Anonymous>" ".Call" "doTryCatch" "tryCatchOne" "tryCatchList" "doTryCatch" "tryCatchOne" "tryCatchList" "tryCatch" 
"eigen" "MASS::mvrnorm" ".jetbrains_runFunction" "knit_print.default" "withCallingHandlers" "<Anonymous>" ".Call" "doTryCatch" "tryCatchOne" "tryCatchList" "doTryCatch" "tryCatchOne" "tryCatchList" "tryCatch" 
"eigen" "MASS::mvrnorm" ".jetbrains_runFunction" "knit_print.default" "withCallingHandlers" "<Anonymous>" ".Call" "doTryCatch" "tryCatchOne" "tryCatchList" "doTryCatch" "tryCatchOne" "tryCatchList" "tryCatch" 
"eigen" "MASS::mvrnorm" ".jetbrains_runFunction" "knit_print.default" "withCallingHandlers" "<Anonymous>" ".Call" "doTryCatch" "tryCatchOne" "tryCatchList" "doTryCatch" "tryCatchOne" "tryCatchList" "tryCatch" 
"eigen" "MASS::mvrnorm" ".jetbrains_runFunction" "knit_print.default" "withCallingHandlers" "<Anonymous>" ".Call" "doTryCatch" "tryCatchOne" "tryCatchList" "doTryCatch" "tryCatchOne" "tryCatchList" "tryCatch" 
"eigen" "MASS::mvrnorm" ".jetbrains_runFunction" "knit_print.default" "withCallingHandlers" "<Anonymous>" ".Call" "doTryCatch" "tryCatchOne" "tryCatchList" "doTryCatch" "tryCatchOne" "tryCatchList" "tryCatch" 
"eigen" "MASS::mvrnorm" ".jetbrains_runFunction" "knit_print.default" "withCallingHandlers" "<Anonymous>" ".Call" "doTryCatch" "tryCatchOne" "tryCatchList" "doTryCatch" "tryCatchOne" "tryCatchList" "tryCatch" 
"eigen" "MASS::mvrnorm" ".jetbrains_runFunction" "knit_print.default" "withCallingHandlers" "<Anonymous>" ".Call" "doTryCatch" "tryCatchOne" "tryCatchList" "doTryCatch" "tryCatchOne" "tryCatchList" "tryCatch" 
"eigen" "MASS::mvrnorm" ".jetbrains_runFunction" "knit_print.default" "withCallingHandlers" "<Anonymous>" ".Call" "doTryCatch" "tryCatchOne" "tryCatchList" "doTryCatch" "tryCatchOne" "tryCatchList" "tryCatch" 
"eigen" "MASS::mvrnorm" ".jetbrains_runFunction" "knit_print.default" "withCallingHandlers" "<Anonymous>" ".Call" "doTryCatch" "tryCatchOne" "tryCatchList" "doTryCatch" "tryCatchOne" "tryCatchList" "tryCatch" 
"eigen" "MASS::mvrnorm" ".jetbrains_runFunction" "knit_print.default" "withCallingHandlers" "<Anonymous>" ".Call" "doTryCatch" "tryCatchOne" "tryCatchList" "doTryCatch" "tryCatchOne" "tryCatchList" "tryCatch" 
"eigen" "MASS::mvrnorm" ".jetbrains_runFunction" "knit_print.default" "withCallingHandlers" "<Anonymous>" ".Call" "doTryCatch" "tryCatchOne" "tryCatchList" "doTryCatch" "tryCatchOne" "tryCatchList" "tryCatch" 
"eigen" "MASS::mvrnorm" ".jetbrains_runFunction" "knit_print.default" "withCallingHandlers" "<Anonymous>" ".Call" "doTryCatch" "tryCatchOne" "tryCatchList" "doTryCatch" "tryCatchOne" "tryCatchList" "tryCatch" 
"eigen" "MASS::mvrnorm" ".jetbrains_runFunction" "knit_print.default" "withCallingHandlers" "<Anonymous>" ".Call" "doTryCatch" "tryCatchOne" "tryCatchList" "doTryCatch" "tryCatchOne" "tryCatchList" "tryCatch" 
"eigen" "MASS::mvrnorm" ".jetbrains_runFunction" "knit_print.default" "withCallingHandlers" "<Anonymous>" ".Call" "doTryCatch" "tryCatchOne" "tryCatchList" "doTryCatch" "tryCatchOne" "tryCatchList" "tryCatch" 
"eigen" "MASS::mvrnorm" ".jetbrains_runFunction" "knit_print.default" "withCallingHandlers" "<Anonymous>" ".Call" "doTryCatch" "tryCatchOne" "tryCatchList" "doTryCatch" "tryCatchOne" "tryCatchList" "tryCatch" 
"eigen" "MASS::mvrnorm" ".jetbrains_runFunction" "knit_print.default" "withCallingHandlers" "<Anonymous>" ".Call" "doTryCatch" "tryCatchOne" "tryCatchList" "doTryCatch" "tryCatchOne" "tryCatchList" "tryCatch" 
"eigen" "MASS::mvrnorm" ".jetbrains_runFunction" "knit_print.default" "withCallingHandlers" "<Anonymous>" ".Call" "doTryCatch" "tryCatchOne" "tryCatchList" "doTryCatch" "tryCatchOne" "tryCatchList" "tryCatch" 
"eigen" "MASS::mvrnorm" ".jetbrains_runFunction" "knit_print.default" "withCallingHandlers" "<Anonymous>" ".Call" "doTryCatch" "tryCatchOne" "tryCatchList" "doTryCatch" "tryCatchOne" "tryCatchList" "tryCatch" 
"eigen" "MASS::mvrnorm" ".jetbrains_runFunction" "knit_print.default" "withCallingHandlers" "<Anonymous>" ".Call" "doTryCatch" "tryCatchOne" "tryCatchList" "doTryCatch" "tryCatchOne" "tryCatchList" "tryCatch" 
"eigen" "MASS::mvrnorm" ".jetbrains_runFunction" "knit_print.default" "withCallingHandlers" "<Anonymous>" ".Call" "doTryCatch" "tryCatchOne" "tryCatchList" "doTryCatch" "tryCatchOne" "tryCatchList" "tryCatch" 
"eigen" "MASS::mvrnorm" ".jetbrains_runFunction" "knit_print.default" "withCallingHandlers" "<Anonymous>" ".Call" "doTryCatch" "tryCatchOne" "tryCatchList" "doTryCatch" "tryCatchOne" "tryCatchList" "tryCatch" 
"eigen" "MASS::mvrnorm" ".jetbrains_runFunction" "knit_print.default" "withCallingHandlers" "<Anonymous>" ".Call" "doTryCatch" "tryCatchOne" "tryCatchList" "doTryCatch" "tryCatchOne" "tryCatchList" "tryCatch" 
"eigen" "MASS::mvrnorm" ".jetbrains_runFunction" "knit_print.default" "withCallingHandlers" "<Anonymous>" ".Call" "doTryCatch" "tryCatchOne" "tryCatchList" "doTryCatch" "tryCatchOne" "tryCatchList" "tryCatch" 
"eigen" "MASS::mvrnorm" ".jetbrains_runFunction" "knit_print.default" "withCallingHandlers" "<Anonymous>" ".Call" "doTryCatch" "tryCatchOne" "tryCatchList" "doTryCatch" "tryCatchOne" "tryCatchList" "tryCatch" 
"eigen" "MASS::mvrnorm" ".jetbrains_runFunction" "knit_print.default" "withCallingHandlers" "<Anonymous>" ".Call" "doTryCatch" "tryCatchOne" "tryCatchList" "doTryCatch" "tryCatchOne" "tryCatchList" "tryCatch" 
"eigen" "MASS::mvrnorm" ".jetbrains_runFunction" "knit_print.default" "withCallingHandlers" "<Anonymous>" ".Call" "doTryCatch" "tryCatchOne" "tryCatchList" "doTryCatch" "tryCatchOne" "tryCatchList" "tryCatch" 
"eigen" "MASS::mvrnorm" ".jetbrains_runFunction" "knit_print.default" "withCallingHandlers" "<Anonymous>" ".Call" "doTryCatch" "tryCatchOne" "tryCatchList" "doTryCatch" "tryCatchOne" "tryCatchList" "tryCatch" 
"eigen" "MASS::mvrnorm" ".jetbrains_runFunction" "knit_print.default" "withCallingHandlers" "<Anonymous>" ".Call" "doTryCatch" "tryCatchOne" "tryCatchList" "doTryCatch" "tryCatchOne" "tryCatchList" "tryCatch" 
"eigen" "MASS::mvrnorm" ".jetbrains_runFunction" "knit_print.default" "withCallingHandlers" "<Anonymous>" ".Call" "doTryCatch" "tryCatchOne" "tryCatchList" "doTryCatch" "tryCatchOne" "tryCatchList" "tryCatch" 
"eigen" "MASS::mvrnorm" ".jetbrains_runFunction" "knit_print.default" "withCallingHandlers" "<Anonymous>" ".Call" "doTryCatch" "tryCatchOne" "tryCatchList" "doTryCatch" "tryCatchOne" "tryCatchList" "tryCatch" 
"eigen" "MASS::mvrnorm" ".jetbrains_runFunction" "knit_print.default" "withCallingHandlers" "<Anonymous>" ".Call" "doTryCatch" "tryCatchOne" "tryCatchList" "doTryCatch" "tryCatchOne" "tryCatchList" "tryCatch" 
"eigen" "MASS::mvrnorm" ".jetbrains_runFunction" "knit_print.default" "withCallingHandlers" "<Anonymous>" ".Call" "doTryCatch" "tryCatchOne" "tryCatchList" "doTryCatch" "tryCatchOne" "tryCatchList" "tryCatch" 
"eigen" "MASS::mvrnorm" ".jetbrains_runFunction" "knit_print.default" "withCallingHandlers" "<Anonymous>" ".Call" "doTryCatch" "tryCatchOne" "tryCatchList" "doTryCatch" "tryCatchOne" "tryCatchList" "tryCatch" 
"eigen" "MASS::mvrnorm" ".jetbrains_runFunction" "knit_print.default" "withCallingHandlers" "<Anonymous>" ".Call" "doTryCatch" "tryCatchOne" "tryCatchList" "doTryCatch" "tryCatchOne" "tryCatchList" "tryCatch" 
"eigen" "MASS::mvrnorm" ".jetbrains_runFunction" "knit_print.default" "withCallingHandlers" "<Anonymous>" ".Call" "doTryCatch" "tryCatchOne" "tryCatchList" "doTryCatch" "tryCatchOne" "tryCatchList" "tryCatch" 
"eigen" "MASS::mvrnorm" ".jetbrains_runFunction" "knit_print.default" "withCallingHandlers" "<Anonymous>" ".Call" "doTryCatch" "tryCatchOne" "tryCatchList" "doTryCatch" "tryCatchOne" "tryCatchList" "tryCatch" 
"eigen" "MASS::mvrnorm" ".jetbrains_runFunction" "knit_print.default" "withCallingHandlers" "<Anonymous>" ".Call" "doTryCatch" "tryCatchOne" "tryCatchList" "doTryCatch" "tryCatchOne" "tryCatchList" "tryCatch" 
"eigen" "MASS::mvrnorm" ".jetbrains_runFunction" "knit_print.default" "withCallingHandlers" "<Anonymous>" ".Call" "doTryCatch" "tryCatchOne" "tryCatchList" "doTryCatch" "tryCatchOne" "tryCatchList" "tryCatch" 
"eigen" "MASS::mvrnorm" ".jetbrains_runFunction" "knit_print.default" "withCallingHandlers" "<Anonymous>" ".Call" "doTryCatch" "tryCatchOne" "tryCatchList" "doTryCatch" "tryCatchOne" "tryCatchList" "tryCatch" 
"eigen" "MASS::mvrnorm" ".jetbrains_runFunction" "knit_print.default" "withCallingHandlers" "<Anonymous>" ".Call" "doTryCatch" "tryCatchOne" "tryCatchList" "doTryCatch" "tryCatchOne" "tryCatchList" "tryCatch" 
"eigen" "MASS::mvrnorm" ".jetbrains_runFunction" "knit_print.default" "withCallingHandlers" "<Anonymous>" ".Call" "doTryCatch" "tryCatchOne" "tryCatchList" "doTryCatch" "tryCatchOne" "tryCatchList" "tryCatch" 
"eigen" "MASS::mvrnorm" ".jetbrains_runFunction" "knit_print.default" "withCallingHandlers" "<Anonymous>" ".Call" "doTryCatch" "tryCatchOne" "tryCatchList" "doTryCatch" "tryCatchOne" "tryCatchList" "tryCatch" 
"eigen" "MASS::mvrnorm" ".jetbrains_runFunction" "knit_print.default" "withCallingHandlers" "<Anonymous>" ".Call" "doTryCatch" "tryCatchOne" "tryCatchList" "doTryCatch" "tryCatchOne" "tryCatchList" "tryCatch" 
"eigen" "MASS::mvrnorm" ".jetbrains_runFunction" "knit_print.default" "withCallingHandlers" "<Anonymous>" ".Call" "doTryCatch" "tryCatchOne" "tryCatchList" "doTryCatch" "tryCatchOne" "tryCatchList" "tryCatch" 
"eigen" "MASS::mvrnorm" ".jetbrains_runFunction" "knit_print.default" "withCallingHandlers" "<Anonymous>" ".Call" "doTryCatch" "tryCatchOne" "tryCatchList" "doTryCatch" "tryCatchOne" "tryCatchList" "tryCatch" 
"eigen" "MASS::mvrnorm" ".jetbrains_runFunction" "knit_print.default" "withCallingHandlers" "<Anonymous>" ".Call" "doTryCatch" "tryCatchOne" "tryCatchList" "doTryCatch" "tryCatchOne" "tryCatchList" "tryCatch" 
"eigen" "MASS::mvrnorm" ".jetbrains_runFunction" "knit_print.default" "withCallingHandlers" "<Anonymous>" ".Call" "doTryCatch" "tryCatchOne" "tryCatchList" "doTryCatch" "tryCatchOne" "tryCatchList" "tryCatch" 
"eigen" "MASS::mvrnorm" ".jetbrains_runFunction" "knit_print.default" "withCallingHandlers" "<Anonymous>" ".Call" "doTryCatch" "tryCatchOne" "tryCatchList" "doTryCatch" "tryCatchOne" "tryCatchList" "tryCatch" 
"eigen" "MASS::mvrnorm" ".jetbrains_runFunction" "knit_print.default" "withCallingHandlers" "<Anonymous>" ".Call" "doTryCatch" "tryCatchOne" "tryCatchList" "doTryCatch" "tryCatchOne" "tryCatchList" "tryCatch" 
"eigen" "MASS::mvrnorm" ".jetbrains_runFunction" "knit_print.default" "withCallingHandlers" "<Anonymous>" ".Call" "doTryCatch" "tryCatchOne" "tryCatchList" "doTryCatch" "tryCatchOne" "tryCatchList" "tryCatch" 
"structure" "eigen" "MASS::mvrnorm" ".jetbrains_runFunction" "knit_print.default" "withCallingHandlers" "<Anonymous>" ".Call" "doTryCatch" "tryCatchOne" "tryCatchList" "doTryCatch" "tryCatchOne" "tryCatchList" "tryCatch" 
"rnorm" "matrix" "MASS::mvrnorm" ".jetbrains_runFunction" "knit_print.default" "withCallingHandlers" "<Anonymous>" ".Call" "doTryCatch" "tryCatchOne" "tryCatchList" "doTryCatch" "tryCatchOne" "tryCatchList" "tryCatch" 
"rnorm" "matrix" "MASS::mvrnorm" ".jetbrains_runFunction" "knit_print.default" "withCallingHandlers" "<Anonymous>" ".Call" "doTryCatch" "tryCatchOne" "tryCatchList" "doTryCatch" "tryCatchOne" "tryCatchList" "tryCatch" 
"%*%" "MASS::mvrnorm" ".jetbrains_runFunction" "knit_print.default" "withCallingHandlers" "<Anonymous>" ".Call" "doTryCatch" "tryCatchOne" "tryCatchList" "doTryCatch" "tryCatchOne" "tryCatchList" "tryCatch" 
"%*%" "MASS::mvrnorm" ".jetbrains_runFunction" "knit_print.default" "withCallingHandlers" "<Anonymous>" ".Call" "doTryCatch" "tryCatchOne" "tryCatchList" "doTryCatch" "tryCatchOne" "tryCatchList" "tryCatch" 
"%*%" "MASS::mvrnorm" ".jetbrains_runFunction" "knit_print.default" "withCallingHandlers" "<Anonymous>" ".Call" "doTryCatch" "tryCatchOne" "tryCatchList" "doTryCatch" "tryCatchOne" "tryCatchList" "tryCatch" 
"%*%" "MASS::mvrnorm" ".jetbrains_runFunction" "knit_print.default" "withCallingHandlers" "<Anonymous>" ".Call" "doTryCatch" "tryCatchOne" "tryCatchList" "doTryCatch" "tryCatchOne" "tryCatchList" "tryCatch" 
"%*%" "MASS::mvrnorm" ".jetbrains_runFunction" "knit_print.default" "withCallingHandlers" "<Anonymous>" ".Call" "doTryCatch" "tryCatchOne" "tryCatchList" "doTryCatch" "tryCatchOne" "tryCatchList" "tryCatch" 
"%*%" "MASS::mvrnorm" ".jetbrains_runFunction" "knit_print.default" "withCallingHandlers" "<Anonymous>" ".Call" "doTryCatch" "tryCatchOne" "tryCatchList" "doTryCatch" "tryCatchOne" "tryCatchList" "tryCatch" 
"%*%" "MASS::mvrnorm" ".jetbrains_runFunction" "knit_print.default" "withCallingHandlers" "<Anonymous>" ".Call" "doTryCatch" "tryCatchOne" "tryCatchList" "doTryCatch" "tryCatchOne" "tryCatchList" "tryCatch" 
"%*%" "MASS::mvrnorm" ".jetbrains_runFunction" "knit_print.default" "withCallingHandlers" "<Anonymous>" ".Call" "doTryCatch" "tryCatchOne" "tryCatchList" "doTryCatch" "tryCatchOne" "tryCatchList" "tryCatch" 
"%*%" "MASS::mvrnorm" ".jetbrains_runFunction" "knit_print.default" "withCallingHandlers" "<Anonymous>" ".Call" "doTryCatch" "tryCatchOne" "tryCatchList" "doTryCatch" "tryCatchOne" "tryCatchList" "tryCatch" 
"%*%" "MASS::mvrnorm" ".jetbrains_runFunction" "knit_print.default" "withCallingHandlers" "<Anonymous>" ".Call" "doTryCatch" "tryCatchOne" "tryCatchList" "doTryCatch" "tryCatchOne" "tryCatchList" "tryCatch" 
"%*%" "MASS::mvrnorm" ".jetbrains_runFunction" "knit_print.default" "withCallingHandlers" "<Anonymous>" ".Call" "doTryCatch" "tryCatchOne" "tryCatchList" "doTryCatch" "tryCatchOne" "tryCatchList" "tryCatch" 
"%*%" "MASS::mvrnorm" ".jetbrains_runFunction" "knit_print.default" "withCallingHandlers" "<Anonymous>" ".Call" "doTryCatch" "tryCatchOne" "tryCatchList" "doTryCatch" "tryCatchOne" "tryCatchList" "tryCatch" 
"%*%" "MASS::mvrnorm" ".jetbrains_runFunction" "knit_print.default" "withCallingHandlers" "<Anonymous>" ".Call" "doTryCatch" "tryCatchOne" "tryCatchList" "doTryCatch" "tryCatchOne" "tryCatchList" "tryCatch" 
"%*%" "MASS::mvrnorm" ".jetbrains_runFunction" "knit_print.default" "withCallingHandlers" "<Anonymous>" ".Call" "doTryCatch" "tryCatchOne" "tryCatchList" "doTryCatch" "tryCatchOne" "tryCatchList" "tryCatch" 
"%*%" "MASS::mvrnorm" ".jetbrains_runFunction" "knit_print.default" "withCallingHandlers" "<Anonymous>" ".Call" "doTryCatch" "tryCatchOne" "tryCatchList" "doTryCatch" "tryCatchOne" "tryCatchList" "tryCatch" 
"%*%" "MASS::mvrnorm" ".jetbrains_runFunction" "knit_print.default" "withCallingHandlers" "<Anonymous>" ".Call" "doTryCatch" "tryCatchOne" "tryCatchList" "doTryCatch" "tryCatchOne" "tryCatchList" "tryCatch" 
"%*%" "MASS::mvrnorm" ".jetbrains_runFunction" "knit_print.default" "withCallingHandlers" "<Anonymous>" ".Call" "doTryCatch" "tryCatchOne" "tryCatchList" "doTryCatch" "tryCatchOne" "tryCatchList" "tryCatch" 
"%*%" "MASS::mvrnorm" ".jetbrains_runFunction" "knit_print.default" "withCallingHandlers" "<Anonymous>" ".Call" "doTryCatch" "tryCatchOne" "tryCatchList" "doTryCatch" "tryCatchOne" "tryCatchList" "tryCatch" 
"%*%" "MASS::mvrnorm" ".jetbrains_runFunction" "knit_print.default" "withCallingHandlers" "<Anonymous>" ".Call" "doTryCatch" "tryCatchOne" "tryCatchList" "doTryCatch" "tryCatchOne" "tryCatchList" "tryCatch" 
"%*%" "MASS::mvrnorm" ".jetbrains_runFunction" "knit_print.default" "withCallingHandlers" "<Anonymous>" ".Call" "doTryCatch" "tryCatchOne" "tryCatchList" "doTryCatch" "tryCatchOne" "tryCatchList" "tryCatch" 
"%*%" "MASS::mvrnorm" ".jetbrains_runFunction" "knit_print.default" "withCallingHandlers" "<Anonymous>" ".Call" "doTryCatch" "tryCatchOne" "tryCatchList" "doTryCatch" "tryCatchOne" "tryCatchList" "tryCatch" 
"%*%" "MASS::mvrnorm" ".jetbrains_runFunction" "knit_print.default" "withCallingHandlers" "<Anonymous>" ".Call" "doTryCatch" "tryCatchOne" "tryCatchList" "doTryCatch" "tryCatchOne" "tryCatchList" "tryCatch" 
"%*%" "MASS::mvrnorm" ".jetbrains_runFunction" "knit_print.default" "withCallingHandlers" "<Anonymous>" ".Call" "doTryCatch" "tryCatchOne" "tryCatchList" "doTryCatch" "tryCatchOne" "tryCatchList" "tryCatch" 
"%*%" "MASS::mvrnorm" ".jetbrains_runFunction" "knit_print.default" "withCallingHandlers" "<Anonymous>" ".Call" "doTryCatch" "tryCatchOne" "tryCatchList" "doTryCatch" "tryCatchOne" "tryCatchList" "tryCatch" 
"%*%" "MASS::mvrnorm" ".jetbrains_runFunction" "knit_print.default" "withCallingHandlers" "<Anonymous>" ".Call" "doTryCatch" "tryCatchOne" "tryCatchList" "doTryCatch" "tryCatchOne" "tryCatchList" "tryCatch" 
"%*%" "MASS::mvrnorm" ".jetbrains_runFunction" "knit_print.default" "withCallingHandlers" "<Anonymous>" ".Call" "doTryCatch" "tryCatchOne" "tryCatchList" "doTryCatch" "tryCatchOne" "tryCatchList" "tryCatch" 
"%*%" "MASS::mvrnorm" ".jetbrains_runFunction" "knit_print.default" "withCallingHandlers" "<Anonymous>" ".Call" "doTryCatch" "tryCatchOne" "tryCatchList" "doTryCatch" "tryCatchOne" "tryCatchList" "tryCatch" 
"t" "MASS::mvrnorm" ".jetbrains_runFunction" "knit_print.default" "withCallingHandlers" "<Anonymous>" ".Call" "doTryCatch" "tryCatchOne" "tryCatchList" "doTryCatch" "tryCatchOne" "tryCatchList" "tryCatch" 
"%*%" "MASS::mvrnorm" ".jetbrains_runFunction" "knit_print.default" "withCallingHandlers" "<Anonymous>" ".Call" "doTryCatch" "tryCatchOne" "tryCatchList" "doTryCatch" "tryCatchOne" "tryCatchList" "tryCatch" 
"%*%" "MASS::mvrnorm" ".jetbrains_runFunction" "knit_print.default" "withCallingHandlers" "<Anonymous>" ".Call" "doTryCatch" "tryCatchOne" "tryCatchList" "doTryCatch" "tryCatchOne" "tryCatchList" "tryCatch" 
"%*%" "MASS::mvrnorm" ".jetbrains_runFunction" "knit_print.default" "withCallingHandlers" "<Anonymous>" ".Call" "doTryCatch" "tryCatchOne" "tryCatchList" "doTryCatch" "tryCatchOne" "tryCatchList" "tryCatch" 
"%*%" "MASS::mvrnorm" ".jetbrains_runFunction" "knit_print.default" "withCallingHandlers" "<Anonymous>" ".Call" "doTryCatch" "tryCatchOne" "tryCatchList" "doTryCatch" "tryCatchOne" "tryCatchList" "tryCatch" 
"%*%" "MASS::mvrnorm" ".jetbrains_runFunction" "knit_print.default" "withCallingHandlers" "<Anonymous>" ".Call" "doTryCatch" "tryCatchOne" "tryCatchList" "doTryCatch" "tryCatchOne" "tryCatchList" "tryCatch" 
"%*%" "MASS::mvrnorm" ".jetbrains_runFunction" "knit_print.default" "withCallingHandlers" "<Anonymous>" ".Call" "doTryCatch" "tryCatchOne" "tryCatchList" "doTryCatch" "tryCatchOne" "tryCatchList" "tryCatch" 
"%*%" "MASS::mvrnorm" ".jetbrains_runFunction" "knit_print.default" "withCallingHandlers" "<Anonymous>" ".Call" "doTryCatch" "tryCatchOne" "tryCatchList" "doTryCatch" "tryCatchOne" "tryCatchList" "tryCatch" 
"%*%" "MASS::mvrnorm" ".jetbrains_runFunction" "knit_print.default" "withCallingHandlers" "<Anonymous>" ".Call" "doTryCatch" "tryCatchOne" "tryCatchList" "doTryCatch" "tryCatchOne" "tryCatchList" "tryCatch" 
"%*%" "MASS::mvrnorm" ".jetbrains_runFunction" "knit_print.default" "withCallingHandlers" "<Anonymous>" ".Call" "doTryCatch" "tryCatchOne" "tryCatchList" "doTryCatch" "tryCatchOne" "tryCatchList" "tryCatch" 
"%*%" "MASS::mvrnorm" ".jetbrains_runFunction" "knit_print.default" "withCallingHandlers" "<Anonymous>" ".Call" "doTryCatch" "tryCatchOne" "tryCatchList" "doTryCatch" "tryCatchOne" "tryCatchList" "tryCatch" 
"%*%" "MASS::mvrnorm" ".jetbrains_runFunction" "knit_print.default" "withCallingHandlers" "<Anonymous>" ".Call" "doTryCatch" "tryCatchOne" "tryCatchList" "doTryCatch" "tryCatchOne" "tryCatchList" "tryCatch" 
"%*%" "MASS::mvrnorm" ".jetbrains_runFunction" "knit_print.default" "withCallingHandlers" "<Anonymous>" ".Call" "doTryCatch" "tryCatchOne" "tryCatchList" "doTryCatch" "tryCatchOne" "tryCatchList" "tryCatch" 
"%*%" "MASS::mvrnorm" ".jetbrains_runFunction" "knit_print.default" "withCallingHandlers" "<Anonymous>" ".Call" "doTryCatch" "tryCatchOne" "tryCatchList" "doTryCatch" "tryCatchOne" "tryCatchList" "tryCatch" 
"%*%" "MASS::mvrnorm" ".jetbrains_runFunction" "knit_print.default" "withCallingHandlers" "<Anonymous>" ".Call" "doTryCatch" "tryCatchOne" "tryCatchList" "doTryCatch" "tryCatchOne" "tryCatchList" "tryCatch" 
"%*%" "MASS::mvrnorm" ".jetbrains_runFunction" "knit_print.default" "withCallingHandlers" "<Anonymous>" ".Call" "doTryCatch" "tryCatchOne" "tryCatchList" "doTryCatch" "tryCatchOne" "tryCatchList" "tryCatch" 
"%*%" "MASS::mvrnorm" ".jetbrains_runFunction" "knit_print.default" "withCallingHandlers" "<Anonymous>" ".Call" "doTryCatch" "tryCatchOne" "tryCatchList" "doTryCatch" "tryCatchOne" "tryCatchList" "tryCatch" 
"%*%" "MASS::mvrnorm" ".jetbrains_runFunction" "knit_print.default" "withCallingHandlers" "<Anonymous>" ".Call" "doTryCatch" "tryCatchOne" "tryCatchList" "doTryCatch" "tryCatchOne" "tryCatchList" "tryCatch" 
"%*%" "MASS::mvrnorm" ".jetbrains_runFunction" "knit_print.default" "withCallingHandlers" "<Anonymous>" ".Call" "doTryCatch" "tryCatchOne" "tryCatchList" "doTryCatch" "tryCatchOne" "tryCatchList" "tryCatch" 
"%*%" "MASS::mvrnorm" ".jetbrains_runFunction" "knit_print.default" "withCallingHandlers" "<Anonymous>" ".Call" "doTryCatch" "tryCatchOne" "tryCatchList" "doTryCatch" "tryCatchOne" "tryCatchList" "tryCatch" 
"%*%" "MASS::mvrnorm" ".jetbrains_runFunction" "knit_print.default" "withCallingHandlers" "<Anonymous>" ".Call" "doTryCatch" "tryCatchOne" "tryCatchList" "doTryCatch" "tryCatchOne" "tryCatchList" "tryCatch" 
"%*%" "MASS::mvrnorm" ".jetbrains_runFunction" "knit_print.default" "withCallingHandlers" "<Anonymous>" ".Call" "doTryCatch" "tryCatchOne" "tryCatchList" "doTryCatch" "tryCatchOne" "tryCatchList" "tryCatch" 
"%*%" "MASS::mvrnorm" ".jetbrains_runFunction" "knit_print.default" "withCallingHandlers" "<Anonymous>" ".Call" "doTryCatch" "tryCatchOne" "tryCatchList" "doTryCatch" "tryCatchOne" "tryCatchList" "tryCatch" 
"%*%" "MASS::mvrnorm" ".jetbrains_runFunction" "knit_print.default" "withCallingHandlers" "<Anonymous>" ".Call" "doTryCatch" "tryCatchOne" "tryCatchList" "doTryCatch" "tryCatchOne" "tryCatchList" "tryCatch" 
"%*%" "MASS::mvrnorm" ".jetbrains_runFunction" "knit_print.default" "withCallingHandlers" "<Anonymous>" ".Call" "doTryCatch" "tryCatchOne" "tryCatchList" "doTryCatch" "tryCatchOne" "tryCatchList" "tryCatch" 
"%*%" "MASS::mvrnorm" ".jetbrains_runFunction" "knit_print.default" "withCallingHandlers" "<Anonymous>" ".Call" "doTryCatch" "tryCatchOne" "tryCatchList" "doTryCatch" "tryCatchOne" "tryCatchList" "tryCatch" 
"%*%" "MASS::mvrnorm" ".jetbrains_runFunction" "knit_print.default" "withCallingHandlers" "<Anonymous>" ".Call" "doTryCatch" "tryCatchOne" "tryCatchList" "doTryCatch" "tryCatchOne" "tryCatchList" "tryCatch" 
"%*%" "MASS::mvrnorm" ".jetbrains_runFunction" "knit_print.default" "withCallingHandlers" "<Anonymous>" ".Call" "doTryCatch" "tryCatchOne" "tryCatchList" "doTryCatch" "tryCatchOne" "tryCatchList" "tryCatch" 
"t.default" "t" "MASS::mvrnorm" ".jetbrains_runFunction" "knit_print.default" "withCallingHandlers" "<Anonymous>" ".Call" "doTryCatch" "tryCatchOne" "tryCatchList" "doTryCatch" "tryCatchOne" "tryCatchList" "tryCatch" 
"t.default" "t" "MASS::mvrnorm" ".jetbrains_runFunction" "knit_print.default" "withCallingHandlers" "<Anonymous>" ".Call" "doTryCatch" "tryCatchOne" "tryCatchList" "doTryCatch" "tryCatchOne" "tryCatchList" "tryCatch" 
"print.default" "base::print" ".jetbrains_runFunction" "knit_print.default" "withCallingHandlers" "<Anonymous>" ".Call" "doTryCatch" "tryCatchOne" "tryCatchList" "doTryCatch" "tryCatchOne" "tryCatchList" "tryCatch" 
"print.default" "base::print" ".jetbrains_runFunction" "knit_print.default" "withCallingHandlers" "<Anonymous>" ".Call" "doTryCatch" "tryCatchOne" "tryCatchList" "doTryCatch" "tryCatchOne" "tryCatchList" "tryCatch" 
"print.default" "base::print" ".jetbrains_runFunction" "knit_print.default" "withCallingHandlers" "<Anonymous>" ".Call" "doTryCatch" "tryCatchOne" "tryCatchList" "doTryCatch" "tryCatchOne" "tryCatchList" "tryCatch" 
"print.default" "base::print" ".jetbrains_runFunction" "knit_print.default" "withCallingHandlers" "<Anonymous>" ".Call" "doTryCatch" "tryCatchOne" "tryCatchList" "doTryCatch" "tryCatchOne" "tryCatchList" "tryCatch" 
"print.default" "base::print" ".jetbrains_runFunction" "knit_print.default" "withCallingHandlers" "<Anonymous>" ".Call" "doTryCatch" "tryCatchOne" "tryCatchList" "doTryCatch" "tryCatchOne" "tryCatchList" "tryCatch" 
"print.default" "base::print" ".jetbrains_runFunction" "knit_print.default" "withCallingHandlers" "<Anonymous>" ".Call" "doTryCatch" "tryCatchOne" "tryCatchList" "doTryCatch" "tryCatchOne" "tryCatchList" "tryCatch" 
"print.default" "base::print" ".jetbrains_runFunction" "knit_print.default" "withCallingHandlers" "<Anonymous>" ".Call" "doTryCatch" "tryCatchOne" "tryCatchList" "doTryCatch" "tryCatchOne" "tryCatchList" "tryCatch" 
"print.default" "base::print" ".jetbrains_runFunction" "knit_print.default" "withCallingHandlers" "<Anonymous>" ".Call" "doTryCatch" "tryCatchOne" "tryCatchList" "doTryCatch" "tryCatchOne" "tryCatchList" "tryCatch" 
"print.default" "base::print" ".jetbrains_runFunction" "knit_print.default" "withCallingHandlers" "<Anonymous>" ".Call" "doTryCatch" "tryCatchOne" "tryCatchList" "doTryCatch" "tryCatchOne" "tryCatchList" "tryCatch" 
"print.default" "base::print" ".jetbrains_runFunction" "knit_print.default" "withCallingHandlers" "<Anonymous>" ".Call" "doTryCatch" "tryCatchOne" "tryCatchList" "doTryCatch" "tryCatchOne" "tryCatchList" "tryCatch" 
"print.default" "base::print" ".jetbrains_runFunction" "knit_print.default" "withCallingHandlers" "<Anonymous>" ".Call" "doTryCatch" "tryCatchOne" "tryCatchList" "doTryCatch" "tryCatchOne" "tryCatchList" "tryCatch" 
"print.default" "base::print" ".jetbrains_runFunction" "knit_print.default" "withCallingHandlers" "<Anonymous>" ".Call" "doTryCatch" "tryCatchOne" "tryCatchList" "doTryCatch" "tryCatchOne" "tryCatchList" "tryCatch" 
"print.default" "base::print" ".jetbrains_runFunction" "knit_print.default" "withCallingHandlers" "<Anonymous>" ".Call" "doTryCatch" "tryCatchOne" "tryCatchList" "doTryCatch" "tryCatchOne" "tryCatchList" "tryCatch" 
"print.default" "base::print" ".jetbrains_runFunction" "knit_print.default" "withCallingHandlers" "<Anonymous>" ".Call" "doTryCatch" "tryCatchOne" "tryCatchList" "doTryCatch" "tryCatchOne" "tryCatchList" "tryCatch" 
"print.default" "base::print" ".jetbrains_runFunction" "knit_print.default" "withCallingHandlers" "<Anonymous>" ".Call" "doTryCatch" "tryCatchOne" "tryCatchList" "doTryCatch" "tryCatchOne" "tryCatchList" "tryCatch" 
"print.default" "base::print" ".jetbrains_runFunction" "knit_print.default" "withCallingHandlers" "<Anonymous>" ".Call" "doTryCatch" "tryCatchOne" "tryCatchList" "doTryCatch" "tryCatchOne" "tryCatchList" "tryCatch" 
"print.default" "base::print" ".jetbrains_runFunction" "knit_print.default" "withCallingHandlers" "<Anonymous>" ".Call" "doTryCatch" "tryCatchOne" "tryCatchList" "doTryCatch" "tryCatchOne" "tryCatchList" "tryCatch" 
"print.default" "base::print" ".jetbrains_runFunction" "knit_print.default" "withCallingHandlers" "<Anonymous>" ".Call" "doTryCatch" "tryCatchOne" "tryCatchList" "doTryCatch" "tryCatchOne" "tryCatchList" "tryCatch" 
"print.default" "base::print" ".jetbrains_runFunction" "knit_print.default" "withCallingHandlers" "<Anonymous>" ".Call" "doTryCatch" "tryCatchOne" "tryCatchList" "doTryCatch" "tryCatchOne" "tryCatchList" "tryCatch" 
"print.default" "base::print" ".jetbrains_runFunction" "knit_print.default" "withCallingHandlers" "<Anonymous>" ".Call" "doTryCatch" "tryCatchOne" "tryCatchList" "doTryCatch" "tryCatchOne" "tryCatchList" "tryCatch" 
"print.default" "base::print" ".jetbrains_runFunction" "knit_print.default" "withCallingHandlers" "<Anonymous>" ".Call" "doTryCatch" "tryCatchOne" "tryCatchList" "doTryCatch" "tryCatchOne" "tryCatchList" "tryCatch" 
"print.default" "base::print" ".jetbrains_runFunction" "knit_print.default" "withCallingHandlers" "<Anonymous>" ".Call" "doTryCatch" "tryCatchOne" "tryCatchList" "doTryCatch" "tryCatchOne" "tryCatchList" "tryCatch" 
"print.default" "base::print" ".jetbrains_runFunction" "knit_print.default" "withCallingHandlers" "<Anonymous>" ".Call" "doTryCatch" "tryCatchOne" "tryCatchList" "doTryCatch" "tryCatchOne" "tryCatchList" "tryCatch" 
"print.default" "base::print" ".jetbrains_runFunction" "knit_print.default" "withCallingHandlers" "<Anonymous>" ".Call" "doTryCatch" "tryCatchOne" "tryCatchList" "doTryCatch" "tryCatchOne" "tryCatchList" "tryCatch" 
"print.default" "base::print" ".jetbrains_runFunction" "knit_print.default" "withCallingHandlers" "<Anonymous>" ".Call" "doTryCatch" "tryCatchOne" "tryCatchList" "doTryCatch" "tryCatchOne" "tryCatchList" "tryCatch" 
"print.default" "base::print" ".jetbrains_runFunction" "knit_print.default" "withCallingHandlers" "<Anonymous>" ".Call" "doTryCatch" "tryCatchOne" "tryCatchList" "doTryCatch" "tryCatchOne" "tryCatchList" "tryCatch" 
"print.default" "base::print" ".jetbrains_runFunction" "knit_print.default" "withCallingHandlers" "<Anonymous>" ".Call" "doTryCatch" "tryCatchOne" "tryCatchList" "doTryCatch" "tryCatchOne" "tryCatchList" "tryCatch" 
"print.default" "base::print" ".jetbrains_runFunction" "knit_print.default" "withCallingHandlers" "<Anonymous>" ".Call" "doTryCatch" "tryCatchOne" "tryCatchList" "doTryCatch" "tryCatchOne" "tryCatchList" "tryCatch" 
"print.default" "base::print" ".jetbrains_runFunction" "knit_print.default" "withCallingHandlers" "<Anonymous>" ".Call" "doTryCatch" "tryCatchOne" "tryCatchList" "doTryCatch" "tryCatchOne" "tryCatchList" "tryCatch" 
"print.default" "base::print" ".jetbrains_runFunction" "knit_print.default" "withCallingHandlers" "<Anonymous>" ".Call" "doTryCatch" "tryCatchOne" "tryCatchList" "doTryCatch" "tryCatchOne" "tryCatchList" "tryCatch" 
"print.default" "base::print" ".jetbrains_runFunction" "knit_print.default" "withCallingHandlers" "<Anonymous>" ".Call" "doTryCatch" "tryCatchOne" "tryCatchList" "doTryCatch" "tryCatchOne" "tryCatchList" "tryCatch" 
"print.default" "base::print" ".jetbrains_runFunction" "knit_print.default" "withCallingHandlers" "<Anonymous>" ".Call" "doTryCatch" "tryCatchOne" "tryCatchList" "doTryCatch" "tryCatchOne" "tryCatchList" "tryCatch" 
"print.default" "base::print" ".jetbrains_runFunction" "knit_print.default" "withCallingHandlers" "<Anonymous>" ".Call" "doTryCatch" "tryCatchOne" "tryCatchList" "doTryCatch" "tryCatchOne" "tryCatchList" "tryCatch" 
"print.default" "base::print" ".jetbrains_runFunction" "knit_print.default" "withCallingHandlers" "<Anonymous>" ".Call" "doTryCatch" "tryCatchOne" "tryCatchList" "doTryCatch" "tryCatchOne" "tryCatchList" "tryCatch" 
"print.default" "base::print" ".jetbrains_runFunction" "knit_print.default" "withCallingHandlers" "<Anonymous>" ".Call" "doTryCatch" "tryCatchOne" "tryCatchList" "doTryCatch" "tryCatchOne" "tryCatchList" "tryCatch" 
"print.default" "base::print" ".jetbrains_runFunction" "knit_print.default" "withCallingHandlers" "<Anonymous>" ".Call" "doTryCatch" "tryCatchOne" "tryCatchList" "doTryCatch" "tryCatchOne" "tryCatchList" "tryCatch" 
"print.default" "base::print" ".jetbrains_runFunction" "knit_print.default" "withCallingHandlers" "<Anonymous>" ".Call" "doTryCatch" "tryCatchOne" "tryCatchList" "doTryCatch" "tryCatchOne" "tryCatchList" "tryCatch" 
"print.default" "base::print" ".jetbrains_runFunction" "knit_print.default" "withCallingHandlers" "<Anonymous>" ".Call" "doTryCatch" "tryCatchOne" "tryCatchList" "doTryCatch" "tryCatchOne" "tryCatchList" "tryCatch" 
"print.default" "base::print" ".jetbrains_runFunction" "knit_print.default" "withCallingHandlers" "<Anonymous>" ".Call" "doTryCatch" "tryCatchOne" "tryCatchList" "doTryCatch" "tryCatchOne" "tryCatchList" "tryCatch" 
"print.default" "base::print" ".jetbrains_runFunction" "knit_print.default" "withCallingHandlers" "<Anonymous>" ".Call" "doTryCatch" "tryCatchOne" "tryCatchList" "doTryCatch" "tryCatchOne" "tryCatchList" "tryCatch" 
"print.default" "base::print" ".jetbrains_runFunction" "knit_print.default" "withCallingHandlers" "<Anonymous>" ".Call" "doTryCatch" "tryCatchOne" "tryCatchList" "doTryCatch" "tryCatchOne" "tryCatchList" "tryCatch" 
"print.default" "base::print" ".jetbrains_runFunction" "knit_print.default" "withCallingHandlers" "<Anonymous>" ".Call" "doTryCatch" "tryCatchOne" "tryCatchList" "doTryCatch" "tryCatchOne" "tryCatchList" "tryCatch" 
"print.default" "base::print" ".jetbrains_runFunction" "knit_print.default" "withCallingHandlers" "<Anonymous>" ".Call" "doTryCatch" "tryCatchOne" "tryCatchList" "doTryCatch" "tryCatchOne" "tryCatchList" "tryCatch" 
"print.default" "base::print" ".jetbrains_runFunction" "knit_print.default" "withCallingHandlers" "<Anonymous>" ".Call" "doTryCatch" "tryCatchOne" "tryCatchList" "doTryCatch" "tryCatchOne" "tryCatchList" "tryCatch" 
"print.default" "base::print" ".jetbrains_runFunction" "knit_print.default" "withCallingHandlers" "<Anonymous>" ".Call" "doTryCatch" "tryCatchOne" "tryCatchList" "doTryCatch" "tryCatchOne" "tryCatchList" "tryCatch" 
"print.default" "base::print" ".jetbrains_runFunction" "knit_print.default" "withCallingHandlers" "<Anonymous>" ".Call" "doTryCatch" "tryCatchOne" "tryCatchList" "doTryCatch" "tryCatchOne" "tryCatchList" "tryCatch" 
"print.default" "base::print" ".jetbrains_runFunction" "knit_print.default" "withCallingHandlers" "<Anonymous>" ".Call" "doTryCatch" "tryCatchOne" "tryCatchList" "doTryCatch" "tryCatchOne" "tryCatchList" "tryCatch" 
"print.default" "base::print" ".jetbrains_runFunction" "knit_print.default" "withCallingHandlers" "<Anonymous>" ".Call" "doTryCatch" "tryCatchOne" "tryCatchList" "doTryCatch" "tryCatchOne" "tryCatchList" "tryCatch" 
"print.default" "base::print" ".jetbrains_runFunction" "knit_print.default" "withCallingHandlers" "<Anonymous>" ".Call" "doTryCatch" "tryCatchOne" "tryCatchList" "doTryCatch" "tryCatchOne" "tryCatchList" "tryCatch" 
"print.default" "base::print" ".jetbrains_runFunction" "knit_print.default" "withCallingHandlers" "<Anonymous>" ".Call" "doTryCatch" "tryCatchOne" "tryCatchList" "doTryCatch" "tryCatchOne" "tryCatchList" "tryCatch" 
"print.default" "base::print" ".jetbrains_runFunction" "knit_print.default" "withCallingHandlers" "<Anonymous>" ".Call" "doTryCatch" "tryCatchOne" "tryCatchList" "doTryCatch" "tryCatchOne" "tryCatchList" "tryCatch" 
"print.default" "base::print" ".jetbrains_runFunction" "knit_print.default" "withCallingHandlers" "<Anonymous>" ".Call" "doTryCatch" "tryCatchOne" "tryCatchList" "doTryCatch" "tryCatchOne" "tryCatchList" "tryCatch" 
"print.default" "base::print" ".jetbrains_runFunction" "knit_print.default" "withCallingHandlers" "<Anonymous>" ".Call" "doTryCatch" "tryCatchOne" "tryCatchList" "doTryCatch" "tryCatchOne" "tryCatchList" "tryCatch" 
"print.default" "base::print" ".jetbrains_runFunction" "knit_print.default" "withCallingHandlers" "<Anonymous>" ".Call" "doTryCatch" "tryCatchOne" "tryCatchList" "doTryCatch" "tryCatchOne" "tryCatchList" "tryCatch" 
"print.default" "base::print" ".jetbrains_runFunction" "knit_print.default" "withCallingHandlers" "<Anonymous>" ".Call" "doTryCatch" "tryCatchOne" "tryCatchList" "doTryCatch" "tryCatchOne" "tryCatchList" "tryCatch" 
"print.default" "base::print" ".jetbrains_runFunction" "knit_print.default" "withCallingHandlers" "<Anonymous>" ".Call" "doTryCatch" "tryCatchOne" "tryCatchList" "doTryCatch" "tryCatchOne" "tryCatchList" "tryCatch" 
".Call" "doTryCatch" "tryCatchOne" "tryCatchList" "doTryCatch" "tryCatchOne" "tryCatchList" "tryCatch" 
